Building...
/mnt/Windows/Projects/shop_management_system/backend-dotnetcore/ShopManagementSystem.API/Program.cs(195,36): warning EF1002: Method 'ExecuteSqlRawAsync' inserts interpolated strings directly into the SQL, without any protection against SQL injection. Consider using 'ExecuteSqlAsync' instead, which protects against SQL injection, or make sure that the value is sanitized and suppress the warning. [/mnt/Windows/Projects/shop_management_system/backend-dotnetcore/ShopManagementSystem.API/ShopManagementSystem.API.csproj]
/mnt/Windows/Projects/shop_management_system/backend-dotnetcore/ShopManagementSystem.API/Program.cs(224,36): warning EF1002: Method 'ExecuteSqlRawAsync' inserts interpolated strings directly into the SQL, without any protection against SQL injection. Consider using 'ExecuteSqlAsync' instead, which protects against SQL injection, or make sure that the value is sanitized and suppress the warning. [/mnt/Windows/Projects/shop_management_system/backend-dotnetcore/ShopManagementSystem.API/ShopManagementSystem.API.csproj]
/mnt/Windows/Projects/shop_management_system/backend-dotnetcore/ShopManagementSystem.API/Program.cs(263,36): warning EF1002: Method 'ExecuteSqlRawAsync' inserts interpolated strings directly into the SQL, without any protection against SQL injection. Consider using 'ExecuteSqlAsync' instead, which protects against SQL injection, or make sure that the value is sanitized and suppress the warning. [/mnt/Windows/Projects/shop_management_system/backend-dotnetcore/ShopManagementSystem.API/ShopManagementSystem.API.csproj]
/mnt/Windows/Projects/shop_management_system/backend-dotnetcore/ShopManagementSystem.API/Program.cs(289,36): warning EF1002: Method 'ExecuteSqlRawAsync' inserts interpolated strings directly into the SQL, without any protection against SQL injection. Consider using 'ExecuteSqlAsync' instead, which protects against SQL injection, or make sure that the value is sanitized and suppress the warning. [/mnt/Windows/Projects/shop_management_system/backend-dotnetcore/ShopManagementSystem.API/ShopManagementSystem.API.csproj]
/mnt/Windows/Projects/shop_management_system/backend-dotnetcore/ShopManagementSystem.API/Program.cs(362,36): warning EF1002: Method 'ExecuteSqlRawAsync' inserts interpolated strings directly into the SQL, without any protection against SQL injection. Consider using 'ExecuteSqlAsync' instead, which protects against SQL injection, or make sure that the value is sanitized and suppress the warning. [/mnt/Windows/Projects/shop_management_system/backend-dotnetcore/ShopManagementSystem.API/ShopManagementSystem.API.csproj]
info: Microsoft.EntityFrameworkCore.Database.Command[20101]
      Executed DbCommand (10ms) [Parameters=[], CommandType='Text', CommandTimeout='30']
      SELECT COUNT(*) FROM "sqlite_master" WHERE "type" = 'table' AND "rootpage" IS NOT NULL;
Database created/ensured
info: Microsoft.EntityFrameworkCore.Database.Command[20101]
      Executed DbCommand (14ms) [Parameters=[], CommandType='Text', CommandTimeout='30']
      DROP TABLE IF EXISTS CurrencyExchangeRates
info: Microsoft.EntityFrameworkCore.Database.Command[20101]
      Executed DbCommand (3ms) [Parameters=[], CommandType='Text', CommandTimeout='30']
      
                  CREATE TABLE CurrencyExchangeRates (
                      Id INTEGER PRIMARY KEY AUTOINCREMENT,
                      CurrencyId INTEGER NOT NULL,
                      RateToAfghani TEXT NOT NULL,
                      Date TEXT NOT NULL,
                      EffectiveDate TEXT,
                      Source TEXT,
                      IsActive INTEGER DEFAULT 1,
                      CreatedAt TEXT DEFAULT (datetime('now')),
                      UpdatedAt TEXT DEFAULT (datetime('now'))
                  )
Recreated CurrencyExchangeRates table with correct schema
info: Microsoft.EntityFrameworkCore.Database.Command[20101]
      Executed DbCommand (2ms) [Parameters=[], CommandType='Text', CommandTimeout='30']
      
                  INSERT INTO CurrencyExchangeRates (CurrencyId, RateToAfghani, Date, EffectiveDate, Source, IsActive) VALUES
                  (1, '1.0', '2024-01-01', '2024-01-01', 'System', 1),
                  (2, '0.014', '2024-01-01', '2024-01-01', 'System', 1),
                  (3, '0.012', '2024-01-01', '2024-01-01', 'System', 1)
Seeded exchange rate data
info: Microsoft.EntityFrameworkCore.Database.Command[20101]
      Executed DbCommand (0ms) [Parameters=[], CommandType='Text', CommandTimeout='30']
      
                  INSERT OR IGNORE INTO Currencies (Id, Code, Name, Symbol, IsBaseCurrency, IsActive, CurrentExchangeRate, LastUpdated, CreatedAt, UpdatedAt) VALUES
                  (1, 'AFN', 'Afghan Afghani', '؋', 1, 1, '1.0', '2024-01-01', datetime('now'), datetime('now')),
                  (2, 'USD', 'US Dollar', '$', 0, 1, '0.014', '2024-01-01', datetime('now'), datetime('now')),
                  (3, 'EUR', 'Euro', '€', 0, 1, '0.012', '2024-01-01', datetime('now'), datetime('now'))
info: Microsoft.EntityFrameworkCore.Database.Command[20101]
      Executed DbCommand (0ms) [Parameters=[], CommandType='Text', CommandTimeout='30']
      
                  INSERT OR IGNORE INTO PaymentStatuses (Id, Code, Name, Description, IsActive, SortOrder, CreatedAt, UpdatedAt) VALUES
                  (1, 'PENDING', 'Pending', 'Payment is pending', 1, 1, datetime('now'), datetime('now')),
                  (2, 'PAID', 'Paid', 'Payment completed', 1, 2, datetime('now'), datetime('now')),
                  (3, 'CANCELLED', 'Cancelled', 'Payment cancelled', 1, 3, datetime('now'), datetime('now')),
                  (4, 'PARTIAL', 'Partial', 'Partially paid', 1, 4, datetime('now'), datetime('now'))
fail: Microsoft.EntityFrameworkCore.Database.Command[20102]
      Failed executing DbCommand (2ms) [Parameters=[], CommandType='Text', CommandTimeout='30']
      
                  INSERT OR IGNORE INTO Customers (Id, Name, Email, Phone, Address, CreatedAt, UpdatedAt) VALUES
                  (1, 'Ahmed Ali', 'ahmed@example.com', '123456789', 'Test Address 1', datetime('now'), datetime('now')),
                  (2, 'Sara Khan', 'sara@example.com', '987654321', 'Test Address 2', datetime('now'), datetime('now')),
                  (3, 'Muhammad Hassan', 'hassan@example.com', '555666777', 'Test Address 3', datetime('now'), datetime('now'))
Error seeding basic data: SQLite Error 1: 'table Customers has no column named Email'.
fail: Microsoft.EntityFrameworkCore.Database.Command[20102]
      Failed executing DbCommand (0ms) [Parameters=[], CommandType='Text', CommandTimeout='30']
      SELECT IsReturn FROM Purchases LIMIT 1
Added Purchases column: IsReturn
Updated existing Sales records with default CurrencyId
fail: Microsoft.EntityFrameworkCore.Database.Command[20102]
      Failed executing DbCommand (0ms) [Parameters=[], CommandType='Text', CommandTimeout='30']
      SELECT IsReturn FROM Sales LIMIT 1
Added Sales column: IsReturn
info: Microsoft.Hosting.Lifetime[14]
      Now listening on: http://localhost:5250
info: Microsoft.Hosting.Lifetime[0]
      Application started. Press Ctrl+C to shut down.
info: Microsoft.Hosting.Lifetime[0]
      Hosting environment: Development
info: Microsoft.Hosting.Lifetime[0]
      Content root path: /mnt/Windows/Projects/shop_management_system/backend-dotnetcore/ShopManagementSystem.API
warn: Microsoft.AspNetCore.HttpsPolicy.HttpsRedirectionMiddleware[3]
      Failed to determine the https port for redirect.
info: Microsoft.EntityFrameworkCore.Database.Command[20101]
      Executed DbCommand (3ms) [Parameters=[@__p_0='?' (DbType = Int32)], CommandType='Text', CommandTimeout='30']
      SELECT "s"."Id", "s"."Address", "s"."CreatedAt", "s"."Name", "s"."OpeningBalance", "s"."Phone", "s"."UpdatedAt"
      FROM "Suppliers" AS "s"
      WHERE "s"."Id" = @__p_0
      LIMIT 1
info: Microsoft.EntityFrameworkCore.Database.Command[20101]
      Executed DbCommand (6ms) [Parameters=[@p0='?' (DbType = Decimal), @p1='?' (DbType = DateTime), @p2='?' (DbType = Decimal), @p3='?' (DbType = Int32), @p4='?' (DbType = DateTime), @p5='?' (DbType = Boolean), @p6='?' (Size = 30), @p7='?' (DbType = Int32), @p8='?' (DbType = Int32), @p9='?' (DbType = Decimal), @p10='?' (DbType = DateTime)], CommandType='Text', CommandTimeout='30']
      INSERT INTO "Purchases" ("CashPaid", "CreatedAt", "CreditAmount", "CurrencyId", "Date", "IsReturn", "Notes", "PaymentStatusId", "SupplierId", "TotalAmount", "UpdatedAt")
      VALUES (@p0, @p1, @p2, @p3, @p4, @p5, @p6, @p7, @p8, @p9, @p10)
      RETURNING "Id";
info: Microsoft.EntityFrameworkCore.Database.Command[20101]
      Executed DbCommand (0ms) [Parameters=[@p11='?' (DbType = Decimal), @p12='?' (DbType = DateTime), @p13='?' (DbType = Int32), @p14='?' (DbType = Int32), @p15='?' (DbType = Int32), @p16='?' (DbType = Int32), @p17='?' (DbType = Decimal), @p18='?' (DbType = Decimal), @p19='?' (DbType = DateTime)], CommandType='Text', CommandTimeout='30']
      INSERT INTO "PurchaseItems" ("Cost", "CreatedAt", "CurrencyId", "ItemId", "ProductId", "PurchaseId", "Qty", "Total", "UpdatedAt")
      VALUES (@p11, @p12, @p13, @p14, @p15, @p16, @p17, @p18, @p19)
      RETURNING "Id";
info: Microsoft.EntityFrameworkCore.Database.Command[20101]
      Executed DbCommand (0ms) [Parameters=[@__p_0='?' (DbType = Int32)], CommandType='Text', CommandTimeout='30']
      SELECT "c"."Id", "c"."Code", "c"."CreatedAt", "c"."CurrentExchangeRate", "c"."IsActive", "c"."IsBaseCurrency", "c"."LastUpdated", "c"."Name", "c"."Symbol", "c"."UpdatedAt"
      FROM "Currencies" AS "c"
      WHERE "c"."Id" = @__p_0
      LIMIT 1
info: Microsoft.EntityFrameworkCore.Database.Command[20101]
      Executed DbCommand (0ms) [Parameters=[], CommandType='Text', CommandTimeout='30']
      SELECT "c"."Id", "c"."BalanceAfter", "c"."CashIn", "c"."CashOut", "c"."CreatedAt", "c"."CurrencyId", "c"."Date", "c"."Description", "c"."ExchangeRate", "c"."ModuleId", "c"."ModuleType", "c"."OriginalAmount", "c"."UpdatedAt"
      FROM "CashBooks" AS "c"
info: Microsoft.EntityFrameworkCore.Database.Command[20101]
      Executed DbCommand (0ms) [Parameters=[], CommandType='Text', CommandTimeout='30']
      SELECT "s"."Id", "s"."BalanceAfter", "s"."CreatedAt", "s"."CreditAmount", "s"."Date", "s"."Description", "s"."PaymentAmount", "s"."PaymentId", "s"."PurchaseId", "s"."SupplierId", "s"."UpdatedAt"
      FROM "SupplierTransactions" AS "s"
info: Microsoft.EntityFrameworkCore.Database.Command[20101]
      Executed DbCommand (0ms) [Parameters=[@p0='?' (DbType = Decimal), @p1='?' (DbType = Decimal), @p2='?' (DbType = Decimal), @p3='?' (DbType = DateTime), @p4='?' (DbType = Int32), @p5='?' (DbType = DateTime), @p6='?' (Size = 25), @p7='?' (DbType = Decimal), @p8='?' (DbType = Int32), @p9='?' (DbType = Int32), @p10='?' (DbType = Decimal), @p11='?' (DbType = DateTime)], CommandType='Text', CommandTimeout='30']
      INSERT INTO "CashBooks" ("BalanceAfter", "CashIn", "CashOut", "CreatedAt", "CurrencyId", "Date", "Description", "ExchangeRate", "ModuleId", "ModuleType", "OriginalAmount", "UpdatedAt")
      VALUES (@p0, @p1, @p2, @p3, @p4, @p5, @p6, @p7, @p8, @p9, @p10, @p11)
      RETURNING "Id";
info: Microsoft.EntityFrameworkCore.Database.Command[20101]
      Executed DbCommand (0ms) [Parameters=[@p0='?' (DbType = Decimal), @p1='?' (DbType = DateTime), @p2='?' (DbType = Decimal), @p3='?' (DbType = DateTime), @p4='?' (Size = 11), @p5='?' (DbType = Decimal), @p6='?' (DbType = Int32), @p7='?' (DbType = Int32), @p8='?' (DbType = Int32), @p9='?' (DbType = DateTime)], CommandType='Text', CommandTimeout='30']
      INSERT INTO "SupplierTransactions" ("BalanceAfter", "CreatedAt", "CreditAmount", "Date", "Description", "PaymentAmount", "PaymentId", "PurchaseId", "SupplierId", "UpdatedAt")
      VALUES (@p0, @p1, @p2, @p3, @p4, @p5, @p6, @p7, @p8, @p9)
      RETURNING "Id";
info: Microsoft.EntityFrameworkCore.Database.Command[20101]
      Executed DbCommand (0ms) [Parameters=[], CommandType='Text', CommandTimeout='30']
      SELECT "i"."Id", "i"."CreatedAt", "i"."Name", "i"."OpeningCost", "i"."OpeningQty", "i"."Unit", "i"."UpdatedAt"
      FROM "Items" AS "i"
info: Microsoft.EntityFrameworkCore.Database.Command[20101]
      Executed DbCommand (0ms) [Parameters=[@__p_0='?' (DbType = Int32)], CommandType='Text', CommandTimeout='30']
      SELECT "s"."Id", "s"."Address", "s"."CreatedAt", "s"."Name", "s"."OpeningBalance", "s"."Phone", "s"."UpdatedAt"
      FROM "Suppliers" AS "s"
      WHERE "s"."Id" = @__p_0
      LIMIT 1
info: Microsoft.EntityFrameworkCore.Database.Command[20101]
      Executed DbCommand (0ms) [Parameters=[@p0='?' (DbType = Decimal), @p1='?' (DbType = DateTime), @p2='?' (DbType = Decimal), @p3='?' (DbType = Int32), @p4='?' (DbType = DateTime), @p5='?' (DbType = Boolean), @p6='?' (Size = 24), @p7='?' (DbType = Int32), @p8='?' (DbType = Int32), @p9='?' (DbType = Decimal), @p10='?' (DbType = DateTime)], CommandType='Text', CommandTimeout='30']
      INSERT INTO "Purchases" ("CashPaid", "CreatedAt", "CreditAmount", "CurrencyId", "Date", "IsReturn", "Notes", "PaymentStatusId", "SupplierId", "TotalAmount", "UpdatedAt")
      VALUES (@p0, @p1, @p2, @p3, @p4, @p5, @p6, @p7, @p8, @p9, @p10)
      RETURNING "Id";
info: Microsoft.EntityFrameworkCore.Database.Command[20101]
      Executed DbCommand (0ms) [Parameters=[@p11='?' (DbType = Decimal), @p12='?' (DbType = DateTime), @p13='?' (DbType = Int32), @p14='?' (DbType = Int32), @p15='?' (DbType = Int32), @p16='?' (DbType = Int32), @p17='?' (DbType = Decimal), @p18='?' (DbType = Decimal), @p19='?' (DbType = DateTime)], CommandType='Text', CommandTimeout='30']
      INSERT INTO "PurchaseItems" ("Cost", "CreatedAt", "CurrencyId", "ItemId", "ProductId", "PurchaseId", "Qty", "Total", "UpdatedAt")
      VALUES (@p11, @p12, @p13, @p14, @p15, @p16, @p17, @p18, @p19)
      RETURNING "Id";
info: Microsoft.EntityFrameworkCore.Database.Command[20101]
      Executed DbCommand (0ms) [Parameters=[@__p_0='?' (DbType = Int32)], CommandType='Text', CommandTimeout='30']
      SELECT "c"."Id", "c"."Code", "c"."CreatedAt", "c"."CurrentExchangeRate", "c"."IsActive", "c"."IsBaseCurrency", "c"."LastUpdated", "c"."Name", "c"."Symbol", "c"."UpdatedAt"
      FROM "Currencies" AS "c"
      WHERE "c"."Id" = @__p_0
      LIMIT 1
info: Microsoft.EntityFrameworkCore.Database.Command[20101]
      Executed DbCommand (0ms) [Parameters=[], CommandType='Text', CommandTimeout='30']
      SELECT "c"."Id", "c"."BalanceAfter", "c"."CashIn", "c"."CashOut", "c"."CreatedAt", "c"."CurrencyId", "c"."Date", "c"."Description", "c"."ExchangeRate", "c"."ModuleId", "c"."ModuleType", "c"."OriginalAmount", "c"."UpdatedAt"
      FROM "CashBooks" AS "c"
info: Microsoft.EntityFrameworkCore.Database.Command[20101]
      Executed DbCommand (0ms) [Parameters=[@p0='?' (DbType = Decimal), @p1='?' (DbType = Decimal), @p2='?' (DbType = Decimal), @p3='?' (DbType = DateTime), @p4='?' (DbType = Int32), @p5='?' (DbType = DateTime), @p6='?' (Size = 36), @p7='?' (DbType = Decimal), @p8='?' (DbType = Int32), @p9='?' (DbType = Int32), @p10='?' (DbType = Decimal), @p11='?' (DbType = DateTime)], CommandType='Text', CommandTimeout='30']
      INSERT INTO "CashBooks" ("BalanceAfter", "CashIn", "CashOut", "CreatedAt", "CurrencyId", "Date", "Description", "ExchangeRate", "ModuleId", "ModuleType", "OriginalAmount", "UpdatedAt")
      VALUES (@p0, @p1, @p2, @p3, @p4, @p5, @p6, @p7, @p8, @p9, @p10, @p11)
      RETURNING "Id";
info: Microsoft.EntityFrameworkCore.Database.Command[20101]
      Executed DbCommand (0ms) [Parameters=[], CommandType='Text', CommandTimeout='30']
      SELECT "i"."Id", "i"."CreatedAt", "i"."Name", "i"."OpeningCost", "i"."OpeningQty", "i"."Unit", "i"."UpdatedAt"
      FROM "Items" AS "i"
info: Microsoft.EntityFrameworkCore.Database.Command[20101]
      Executed DbCommand (0ms) [Parameters=[], CommandType='Text', CommandTimeout='30']
      SELECT "p"."Id", "p"."CashPaid", "p"."CreatedAt", "p"."CreditAmount", "p"."CurrencyId", "p"."Date", "p"."IsReturn", "p"."Notes", "p"."PaymentStatusId", "p"."SupplierId", "p"."TotalAmount", "p"."UpdatedAt"
      FROM "Purchases" AS "p"
info: Microsoft.EntityFrameworkCore.Database.Command[20101]
      Executed DbCommand (0ms) [Parameters=[], CommandType='Text', CommandTimeout='30']
      SELECT "s"."Id", "s"."Address", "s"."CreatedAt", "s"."Name", "s"."OpeningBalance", "s"."Phone", "s"."UpdatedAt"
      FROM "Suppliers" AS "s"
info: Microsoft.EntityFrameworkCore.Database.Command[20101]
      Executed DbCommand (0ms) [Parameters=[], CommandType='Text', CommandTimeout='30']
      SELECT "i"."Id", "i"."CreatedAt", "i"."Name", "i"."OpeningCost", "i"."OpeningQty", "i"."Unit", "i"."UpdatedAt"
      FROM "Items" AS "i"
info: Microsoft.EntityFrameworkCore.Database.Command[20101]
      Executed DbCommand (0ms) [Parameters=[], CommandType='Text', CommandTimeout='30']
      SELECT "c"."Id", "c"."Code", "c"."CreatedAt", "c"."CurrentExchangeRate", "c"."IsActive", "c"."IsBaseCurrency", "c"."LastUpdated", "c"."Name", "c"."Symbol", "c"."UpdatedAt"
      FROM "Currencies" AS "c"
info: Microsoft.EntityFrameworkCore.Database.Command[20101]
      Executed DbCommand (0ms) [Parameters=[], CommandType='Text', CommandTimeout='30']
      SELECT "p"."Id", "p"."CashPaid", "p"."CreatedAt", "p"."CreditAmount", "p"."CurrencyId", "p"."Date", "p"."IsReturn", "p"."Notes", "p"."PaymentStatusId", "p"."SupplierId", "p"."TotalAmount", "p"."UpdatedAt"
      FROM "Purchases" AS "p"
info: Microsoft.EntityFrameworkCore.Database.Command[20101]
      Executed DbCommand (0ms) [Parameters=[], CommandType='Text', CommandTimeout='30']
      SELECT "s"."Id", "s"."Address", "s"."CreatedAt", "s"."Name", "s"."OpeningBalance", "s"."Phone", "s"."UpdatedAt"
      FROM "Suppliers" AS "s"
info: Microsoft.EntityFrameworkCore.Database.Command[20101]
      Executed DbCommand (0ms) [Parameters=[], CommandType='Text', CommandTimeout='30']
      SELECT "i"."Id", "i"."CreatedAt", "i"."Name", "i"."OpeningCost", "i"."OpeningQty", "i"."Unit", "i"."UpdatedAt"
      FROM "Items" AS "i"
info: Microsoft.EntityFrameworkCore.Database.Command[20101]
      Executed DbCommand (0ms) [Parameters=[], CommandType='Text', CommandTimeout='30']
      SELECT "c"."Id", "c"."Code", "c"."CreatedAt", "c"."CurrentExchangeRate", "c"."IsActive", "c"."IsBaseCurrency", "c"."LastUpdated", "c"."Name", "c"."Symbol", "c"."UpdatedAt"
      FROM "Currencies" AS "c"
info: Microsoft.EntityFrameworkCore.Database.Command[20101]
      Executed DbCommand (0ms) [Parameters=[], CommandType='Text', CommandTimeout='30']
      SELECT "p"."Id", "p"."CashPaid", "p"."CreatedAt", "p"."CreditAmount", "p"."CurrencyId", "p"."Date", "p"."IsReturn", "p"."Notes", "p"."PaymentStatusId", "p"."SupplierId", "p"."TotalAmount", "p"."UpdatedAt"
      FROM "Purchases" AS "p"
info: Microsoft.EntityFrameworkCore.Database.Command[20101]
      Executed DbCommand (0ms) [Parameters=[], CommandType='Text', CommandTimeout='30']
      SELECT "s"."Id", "s"."Address", "s"."CreatedAt", "s"."Name", "s"."OpeningBalance", "s"."Phone", "s"."UpdatedAt"
      FROM "Suppliers" AS "s"
info: Microsoft.EntityFrameworkCore.Database.Command[20101]
      Executed DbCommand (0ms) [Parameters=[], CommandType='Text', CommandTimeout='30']
      SELECT "i"."Id", "i"."CreatedAt", "i"."Name", "i"."OpeningCost", "i"."OpeningQty", "i"."Unit", "i"."UpdatedAt"
      FROM "Items" AS "i"
info: Microsoft.EntityFrameworkCore.Database.Command[20101]
      Executed DbCommand (0ms) [Parameters=[], CommandType='Text', CommandTimeout='30']
      SELECT "c"."Id", "c"."Code", "c"."CreatedAt", "c"."CurrentExchangeRate", "c"."IsActive", "c"."IsBaseCurrency", "c"."LastUpdated", "c"."Name", "c"."Symbol", "c"."UpdatedAt"
      FROM "Currencies" AS "c"
info: Microsoft.EntityFrameworkCore.Database.Command[20101]
      Executed DbCommand (0ms) [Parameters=[], CommandType='Text', CommandTimeout='30']
      SELECT "c"."Id", "c"."BalanceAfter", "c"."CashIn", "c"."CashOut", "c"."CreatedAt", "c"."CurrencyId", "c"."Date", "c"."Description", "c"."ExchangeRate", "c"."ModuleId", "c"."ModuleType", "c"."OriginalAmount", "c"."UpdatedAt"
      FROM "CashBooks" AS "c"
info: Microsoft.EntityFrameworkCore.Database.Command[20101]
      Executed DbCommand (0ms) [Parameters=[@__p_0='?' (DbType = Int32)], CommandType='Text', CommandTimeout='30']
      SELECT "c"."Id", "c"."Address", "c"."CreatedAt", "c"."Name", "c"."OpeningBalance", "c"."Phone", "c"."UpdatedAt"
      FROM "Customers" AS "c"
      WHERE "c"."Id" = @__p_0
      LIMIT 1
info: Microsoft.EntityFrameworkCore.Database.Command[20101]
      Executed DbCommand (0ms) [Parameters=[@p0='?' (DbType = Decimal), @p1='?' (DbType = DateTime), @p2='?' (DbType = Decimal), @p3='?' (DbType = Int32), @p4='?' (DbType = Int32), @p5='?' (DbType = DateTime), @p6='?' (DbType = Boolean), @p7='?' (Size = 11), @p8='?' (DbType = Int32), @p9='?' (DbType = Decimal), @p10='?' (DbType = DateTime)], CommandType='Text', CommandTimeout='30']
      INSERT INTO "Sales" ("CashReceived", "CreatedAt", "CreditAmount", "CurrencyId", "CustomerId", "Date", "IsReturn", "Notes", "PaymentStatusId", "TotalAmount", "UpdatedAt")
      VALUES (@p0, @p1, @p2, @p3, @p4, @p5, @p6, @p7, @p8, @p9, @p10)
      RETURNING "Id";
info: Microsoft.EntityFrameworkCore.Database.Command[20101]
      Executed DbCommand (0ms) [Parameters=[@p11='?' (DbType = DateTime), @p12='?' (DbType = Int32), @p13='?' (DbType = Int32), @p14='?' (DbType = Decimal), @p15='?' (DbType = Int32), @p16='?' (DbType = Decimal), @p17='?' (DbType = Int32), @p18='?' (DbType = Decimal), @p19='?' (DbType = DateTime)], CommandType='Text', CommandTimeout='30']
      INSERT INTO "SaleItems" ("CreatedAt", "CurrencyId", "ItemId", "Price", "ProductId", "Qty", "SaleId", "Total", "UpdatedAt")
      VALUES (@p11, @p12, @p13, @p14, @p15, @p16, @p17, @p18, @p19)
      RETURNING "Id";
info: Microsoft.EntityFrameworkCore.Database.Command[20101]
      Executed DbCommand (0ms) [Parameters=[@__p_0='?' (DbType = Int32)], CommandType='Text', CommandTimeout='30']
      SELECT "c"."Id", "c"."Code", "c"."CreatedAt", "c"."CurrentExchangeRate", "c"."IsActive", "c"."IsBaseCurrency", "c"."LastUpdated", "c"."Name", "c"."Symbol", "c"."UpdatedAt"
      FROM "Currencies" AS "c"
      WHERE "c"."Id" = @__p_0
      LIMIT 1
info: Microsoft.EntityFrameworkCore.Database.Command[20101]
      Executed DbCommand (0ms) [Parameters=[], CommandType='Text', CommandTimeout='30']
      SELECT "c"."Id", "c"."BalanceAfter", "c"."CashIn", "c"."CashOut", "c"."CreatedAt", "c"."CurrencyId", "c"."Date", "c"."Description", "c"."ExchangeRate", "c"."ModuleId", "c"."ModuleType", "c"."OriginalAmount", "c"."UpdatedAt"
      FROM "CashBooks" AS "c"
info: Microsoft.EntityFrameworkCore.Database.Command[20101]
      Executed DbCommand (0ms) [Parameters=[], CommandType='Text', CommandTimeout='30']
      SELECT "c"."Id", "c"."BalanceAfter", "c"."CreatedAt", "c"."CreditAmount", "c"."CustomerId", "c"."Date", "c"."Description", "c"."InvoiceId", "c"."PaymentAmount", "c"."PaymentId", "c"."UpdatedAt"
      FROM "CustomerTransactions" AS "c"
info: Microsoft.EntityFrameworkCore.Database.Command[20101]
      Executed DbCommand (0ms) [Parameters=[@p0='?' (DbType = Decimal), @p1='?' (DbType = Decimal), @p2='?' (DbType = Decimal), @p3='?' (DbType = DateTime), @p4='?' (DbType = Int32), @p5='?' (DbType = DateTime), @p6='?' (Size = 27), @p7='?' (DbType = Decimal), @p8='?' (DbType = Int32), @p9='?' (DbType = Int32), @p10='?' (DbType = Decimal), @p11='?' (DbType = DateTime)], CommandType='Text', CommandTimeout='30']
      INSERT INTO "CashBooks" ("BalanceAfter", "CashIn", "CashOut", "CreatedAt", "CurrencyId", "Date", "Description", "ExchangeRate", "ModuleId", "ModuleType", "OriginalAmount", "UpdatedAt")
      VALUES (@p0, @p1, @p2, @p3, @p4, @p5, @p6, @p7, @p8, @p9, @p10, @p11)
      RETURNING "Id";
info: Microsoft.EntityFrameworkCore.Database.Command[20101]
      Executed DbCommand (0ms) [Parameters=[@p0='?' (DbType = Decimal), @p1='?' (DbType = DateTime), @p2='?' (DbType = Decimal), @p3='?' (DbType = Int32), @p4='?' (DbType = DateTime), @p5='?' (Size = 8), @p6='?' (DbType = Int32), @p7='?' (DbType = Decimal), @p8='?' (DbType = Int32), @p9='?' (DbType = DateTime)], CommandType='Text', CommandTimeout='30']
      INSERT INTO "CustomerTransactions" ("BalanceAfter", "CreatedAt", "CreditAmount", "CustomerId", "Date", "Description", "InvoiceId", "PaymentAmount", "PaymentId", "UpdatedAt")
      VALUES (@p0, @p1, @p2, @p3, @p4, @p5, @p6, @p7, @p8, @p9)
      RETURNING "Id";
info: Microsoft.EntityFrameworkCore.Database.Command[20101]
      Executed DbCommand (0ms) [Parameters=[], CommandType='Text', CommandTimeout='30']
      SELECT "i"."Id", "i"."CreatedAt", "i"."Name", "i"."OpeningCost", "i"."OpeningQty", "i"."Unit", "i"."UpdatedAt"
      FROM "Items" AS "i"
info: Microsoft.EntityFrameworkCore.Database.Command[20101]
      Executed DbCommand (0ms) [Parameters=[@__p_0='?' (DbType = Int32)], CommandType='Text', CommandTimeout='30']
      SELECT "s"."Id", "s"."Address", "s"."CreatedAt", "s"."Name", "s"."OpeningBalance", "s"."Phone", "s"."UpdatedAt"
      FROM "Suppliers" AS "s"
      WHERE "s"."Id" = @__p_0
      LIMIT 1
info: Microsoft.EntityFrameworkCore.Database.Command[20101]
      Executed DbCommand (0ms) [Parameters=[@p0='?' (DbType = Decimal), @p1='?' (DbType = DateTime), @p2='?' (DbType = Decimal), @p3='?' (DbType = Int32), @p4='?' (DbType = DateTime), @p5='?' (DbType = Boolean), @p6='?' (Size = 15), @p7='?' (DbType = Int32), @p8='?' (DbType = Int32), @p9='?' (DbType = Decimal), @p10='?' (DbType = DateTime)], CommandType='Text', CommandTimeout='30']
      INSERT INTO "Purchases" ("CashPaid", "CreatedAt", "CreditAmount", "CurrencyId", "Date", "IsReturn", "Notes", "PaymentStatusId", "SupplierId", "TotalAmount", "UpdatedAt")
      VALUES (@p0, @p1, @p2, @p3, @p4, @p5, @p6, @p7, @p8, @p9, @p10)
      RETURNING "Id";
info: Microsoft.EntityFrameworkCore.Database.Command[20101]
      Executed DbCommand (0ms) [Parameters=[@p11='?' (DbType = Decimal), @p12='?' (DbType = DateTime), @p13='?' (DbType = Int32), @p14='?' (DbType = Int32), @p15='?' (DbType = Int32), @p16='?' (DbType = Int32), @p17='?' (DbType = Decimal), @p18='?' (DbType = Decimal), @p19='?' (DbType = DateTime)], CommandType='Text', CommandTimeout='30']
      INSERT INTO "PurchaseItems" ("Cost", "CreatedAt", "CurrencyId", "ItemId", "ProductId", "PurchaseId", "Qty", "Total", "UpdatedAt")
      VALUES (@p11, @p12, @p13, @p14, @p15, @p16, @p17, @p18, @p19)
      RETURNING "Id";
info: Microsoft.EntityFrameworkCore.Database.Command[20101]
      Executed DbCommand (0ms) [Parameters=[@__p_0='?' (DbType = Int32)], CommandType='Text', CommandTimeout='30']
      SELECT "c"."Id", "c"."Code", "c"."CreatedAt", "c"."CurrentExchangeRate", "c"."IsActive", "c"."IsBaseCurrency", "c"."LastUpdated", "c"."Name", "c"."Symbol", "c"."UpdatedAt"
      FROM "Currencies" AS "c"
      WHERE "c"."Id" = @__p_0
      LIMIT 1
info: Microsoft.EntityFrameworkCore.Database.Command[20101]
      Executed DbCommand (0ms) [Parameters=[], CommandType='Text', CommandTimeout='30']
      SELECT "c"."Id", "c"."BalanceAfter", "c"."CashIn", "c"."CashOut", "c"."CreatedAt", "c"."CurrencyId", "c"."Date", "c"."Description", "c"."ExchangeRate", "c"."ModuleId", "c"."ModuleType", "c"."OriginalAmount", "c"."UpdatedAt"
      FROM "CashBooks" AS "c"
info: Microsoft.EntityFrameworkCore.Database.Command[20101]
      Executed DbCommand (0ms) [Parameters=[], CommandType='Text', CommandTimeout='30']
      SELECT "s"."Id", "s"."BalanceAfter", "s"."CreatedAt", "s"."CreditAmount", "s"."Date", "s"."Description", "s"."PaymentAmount", "s"."PaymentId", "s"."PurchaseId", "s"."SupplierId", "s"."UpdatedAt"
      FROM "SupplierTransactions" AS "s"
info: Microsoft.EntityFrameworkCore.Database.Command[20101]
      Executed DbCommand (0ms) [Parameters=[@p0='?' (DbType = Decimal), @p1='?' (DbType = Decimal), @p2='?' (DbType = Decimal), @p3='?' (DbType = DateTime), @p4='?' (DbType = Int32), @p5='?' (DbType = DateTime), @p6='?' (Size = 25), @p7='?' (DbType = Decimal), @p8='?' (DbType = Int32), @p9='?' (DbType = Int32), @p10='?' (DbType = Decimal), @p11='?' (DbType = DateTime)], CommandType='Text', CommandTimeout='30']
      INSERT INTO "CashBooks" ("BalanceAfter", "CashIn", "CashOut", "CreatedAt", "CurrencyId", "Date", "Description", "ExchangeRate", "ModuleId", "ModuleType", "OriginalAmount", "UpdatedAt")
      VALUES (@p0, @p1, @p2, @p3, @p4, @p5, @p6, @p7, @p8, @p9, @p10, @p11)
      RETURNING "Id";
info: Microsoft.EntityFrameworkCore.Database.Command[20101]
      Executed DbCommand (0ms) [Parameters=[@p0='?' (DbType = Decimal), @p1='?' (DbType = DateTime), @p2='?' (DbType = Decimal), @p3='?' (DbType = DateTime), @p4='?' (Size = 11), @p5='?' (DbType = Decimal), @p6='?' (DbType = Int32), @p7='?' (DbType = Int32), @p8='?' (DbType = Int32), @p9='?' (DbType = DateTime)], CommandType='Text', CommandTimeout='30']
      INSERT INTO "SupplierTransactions" ("BalanceAfter", "CreatedAt", "CreditAmount", "Date", "Description", "PaymentAmount", "PaymentId", "PurchaseId", "SupplierId", "UpdatedAt")
      VALUES (@p0, @p1, @p2, @p3, @p4, @p5, @p6, @p7, @p8, @p9)
      RETURNING "Id";
info: Microsoft.EntityFrameworkCore.Database.Command[20101]
      Executed DbCommand (0ms) [Parameters=[], CommandType='Text', CommandTimeout='30']
      SELECT "i"."Id", "i"."CreatedAt", "i"."Name", "i"."OpeningCost", "i"."OpeningQty", "i"."Unit", "i"."UpdatedAt"
      FROM "Items" AS "i"
info: Microsoft.EntityFrameworkCore.Database.Command[20101]
      Executed DbCommand (0ms) [Parameters=[@__p_0='?' (DbType = Int32)], CommandType='Text', CommandTimeout='30']
      SELECT "c"."Id", "c"."Address", "c"."CreatedAt", "c"."Name", "c"."OpeningBalance", "c"."Phone", "c"."UpdatedAt"
      FROM "Customers" AS "c"
      WHERE "c"."Id" = @__p_0
      LIMIT 1
info: Microsoft.EntityFrameworkCore.Database.Command[20101]
      Executed DbCommand (0ms) [Parameters=[@p0='?' (DbType = Decimal), @p1='?' (DbType = DateTime), @p2='?' (DbType = Decimal), @p3='?' (DbType = Int32), @p4='?' (DbType = Int32), @p5='?' (DbType = DateTime), @p6='?' (DbType = Boolean), @p7='?' (Size = 19), @p8='?' (DbType = Int32), @p9='?' (DbType = Decimal), @p10='?' (DbType = DateTime)], CommandType='Text', CommandTimeout='30']
      INSERT INTO "Sales" ("CashReceived", "CreatedAt", "CreditAmount", "CurrencyId", "CustomerId", "Date", "IsReturn", "Notes", "PaymentStatusId", "TotalAmount", "UpdatedAt")
      VALUES (@p0, @p1, @p2, @p3, @p4, @p5, @p6, @p7, @p8, @p9, @p10)
      RETURNING "Id";
info: Microsoft.EntityFrameworkCore.Database.Command[20101]
      Executed DbCommand (0ms) [Parameters=[@p11='?' (DbType = DateTime), @p12='?' (DbType = Int32), @p13='?' (DbType = Int32), @p14='?' (DbType = Decimal), @p15='?' (DbType = Int32), @p16='?' (DbType = Decimal), @p17='?' (DbType = Int32), @p18='?' (DbType = Decimal), @p19='?' (DbType = DateTime)], CommandType='Text', CommandTimeout='30']
      INSERT INTO "SaleItems" ("CreatedAt", "CurrencyId", "ItemId", "Price", "ProductId", "Qty", "SaleId", "Total", "UpdatedAt")
      VALUES (@p11, @p12, @p13, @p14, @p15, @p16, @p17, @p18, @p19)
      RETURNING "Id";
info: Microsoft.EntityFrameworkCore.Database.Command[20101]
      Executed DbCommand (0ms) [Parameters=[@__p_0='?' (DbType = Int32)], CommandType='Text', CommandTimeout='30']
      SELECT "c"."Id", "c"."Code", "c"."CreatedAt", "c"."CurrentExchangeRate", "c"."IsActive", "c"."IsBaseCurrency", "c"."LastUpdated", "c"."Name", "c"."Symbol", "c"."UpdatedAt"
      FROM "Currencies" AS "c"
      WHERE "c"."Id" = @__p_0
      LIMIT 1
info: Microsoft.EntityFrameworkCore.Database.Command[20101]
      Executed DbCommand (0ms) [Parameters=[], CommandType='Text', CommandTimeout='30']
      SELECT "c"."Id", "c"."BalanceAfter", "c"."CashIn", "c"."CashOut", "c"."CreatedAt", "c"."CurrencyId", "c"."Date", "c"."Description", "c"."ExchangeRate", "c"."ModuleId", "c"."ModuleType", "c"."OriginalAmount", "c"."UpdatedAt"
      FROM "CashBooks" AS "c"
info: Microsoft.EntityFrameworkCore.Database.Command[20101]
      Executed DbCommand (0ms) [Parameters=[], CommandType='Text', CommandTimeout='30']
      SELECT "c"."Id", "c"."BalanceAfter", "c"."CreatedAt", "c"."CreditAmount", "c"."CustomerId", "c"."Date", "c"."Description", "c"."InvoiceId", "c"."PaymentAmount", "c"."PaymentId", "c"."UpdatedAt"
      FROM "CustomerTransactions" AS "c"
info: Microsoft.EntityFrameworkCore.Database.Command[20101]
      Executed DbCommand (0ms) [Parameters=[@p0='?' (DbType = Decimal), @p1='?' (DbType = Decimal), @p2='?' (DbType = Decimal), @p3='?' (DbType = DateTime), @p4='?' (DbType = Int32), @p5='?' (DbType = DateTime), @p6='?' (Size = 26), @p7='?' (DbType = Decimal), @p8='?' (DbType = Int32), @p9='?' (DbType = Int32), @p10='?' (DbType = Decimal), @p11='?' (DbType = DateTime)], CommandType='Text', CommandTimeout='30']
      INSERT INTO "CashBooks" ("BalanceAfter", "CashIn", "CashOut", "CreatedAt", "CurrencyId", "Date", "Description", "ExchangeRate", "ModuleId", "ModuleType", "OriginalAmount", "UpdatedAt")
      VALUES (@p0, @p1, @p2, @p3, @p4, @p5, @p6, @p7, @p8, @p9, @p10, @p11)
      RETURNING "Id";
info: Microsoft.EntityFrameworkCore.Database.Command[20101]
      Executed DbCommand (0ms) [Parameters=[@p0='?' (DbType = Decimal), @p1='?' (DbType = DateTime), @p2='?' (DbType = Decimal), @p3='?' (DbType = Int32), @p4='?' (DbType = DateTime), @p5='?' (Size = 10), @p6='?' (DbType = Int32), @p7='?' (DbType = Decimal), @p8='?' (DbType = Int32), @p9='?' (DbType = DateTime)], CommandType='Text', CommandTimeout='30']
      INSERT INTO "CustomerTransactions" ("BalanceAfter", "CreatedAt", "CreditAmount", "CustomerId", "Date", "Description", "InvoiceId", "PaymentAmount", "PaymentId", "UpdatedAt")
      VALUES (@p0, @p1, @p2, @p3, @p4, @p5, @p6, @p7, @p8, @p9)
      RETURNING "Id";
info: Microsoft.EntityFrameworkCore.Database.Command[20101]
      Executed DbCommand (0ms) [Parameters=[], CommandType='Text', CommandTimeout='30']
      SELECT "i"."Id", "i"."CreatedAt", "i"."Name", "i"."OpeningCost", "i"."OpeningQty", "i"."Unit", "i"."UpdatedAt"
      FROM "Items" AS "i"
info: Microsoft.EntityFrameworkCore.Database.Command[20101]
      Executed DbCommand (0ms) [Parameters=[@__p_0='?' (DbType = Int32)], CommandType='Text', CommandTimeout='30']
      SELECT "s"."Id", "s"."Address", "s"."CreatedAt", "s"."Name", "s"."OpeningBalance", "s"."Phone", "s"."UpdatedAt"
      FROM "Suppliers" AS "s"
      WHERE "s"."Id" = @__p_0
      LIMIT 1
info: Microsoft.EntityFrameworkCore.Database.Command[20101]
      Executed DbCommand (0ms) [Parameters=[@p0='?' (DbType = Decimal), @p1='?' (DbType = DateTime), @p2='?' (DbType = Decimal), @p3='?' (DbType = Int32), @p4='?' (DbType = DateTime), @p5='?' (DbType = Boolean), @p6='?' (Size = 22), @p7='?' (DbType = Int32), @p8='?' (DbType = Int32), @p9='?' (DbType = Decimal), @p10='?' (DbType = DateTime)], CommandType='Text', CommandTimeout='30']
      INSERT INTO "Purchases" ("CashPaid", "CreatedAt", "CreditAmount", "CurrencyId", "Date", "IsReturn", "Notes", "PaymentStatusId", "SupplierId", "TotalAmount", "UpdatedAt")
      VALUES (@p0, @p1, @p2, @p3, @p4, @p5, @p6, @p7, @p8, @p9, @p10)
      RETURNING "Id";
info: Microsoft.EntityFrameworkCore.Database.Command[20101]
      Executed DbCommand (0ms) [Parameters=[@p11='?' (DbType = Decimal), @p12='?' (DbType = DateTime), @p13='?' (DbType = Int32), @p14='?' (DbType = Int32), @p15='?' (DbType = Int32), @p16='?' (DbType = Int32), @p17='?' (DbType = Decimal), @p18='?' (DbType = Decimal), @p19='?' (DbType = DateTime)], CommandType='Text', CommandTimeout='30']
      INSERT INTO "PurchaseItems" ("Cost", "CreatedAt", "CurrencyId", "ItemId", "ProductId", "PurchaseId", "Qty", "Total", "UpdatedAt")
      VALUES (@p11, @p12, @p13, @p14, @p15, @p16, @p17, @p18, @p19)
      RETURNING "Id";
info: Microsoft.EntityFrameworkCore.Database.Command[20101]
      Executed DbCommand (0ms) [Parameters=[@__p_0='?' (DbType = Int32)], CommandType='Text', CommandTimeout='30']
      SELECT "c"."Id", "c"."Code", "c"."CreatedAt", "c"."CurrentExchangeRate", "c"."IsActive", "c"."IsBaseCurrency", "c"."LastUpdated", "c"."Name", "c"."Symbol", "c"."UpdatedAt"
      FROM "Currencies" AS "c"
      WHERE "c"."Id" = @__p_0
      LIMIT 1
info: Microsoft.EntityFrameworkCore.Database.Command[20101]
      Executed DbCommand (0ms) [Parameters=[], CommandType='Text', CommandTimeout='30']
      SELECT "c"."Id", "c"."BalanceAfter", "c"."CashIn", "c"."CashOut", "c"."CreatedAt", "c"."CurrencyId", "c"."Date", "c"."Description", "c"."ExchangeRate", "c"."ModuleId", "c"."ModuleType", "c"."OriginalAmount", "c"."UpdatedAt"
      FROM "CashBooks" AS "c"
info: Microsoft.EntityFrameworkCore.Database.Command[20101]
      Executed DbCommand (0ms) [Parameters=[@p0='?' (DbType = Decimal), @p1='?' (DbType = Decimal), @p2='?' (DbType = Decimal), @p3='?' (DbType = DateTime), @p4='?' (DbType = Int32), @p5='?' (DbType = DateTime), @p6='?' (Size = 36), @p7='?' (DbType = Decimal), @p8='?' (DbType = Int32), @p9='?' (DbType = Int32), @p10='?' (DbType = Decimal), @p11='?' (DbType = DateTime)], CommandType='Text', CommandTimeout='30']
      INSERT INTO "CashBooks" ("BalanceAfter", "CashIn", "CashOut", "CreatedAt", "CurrencyId", "Date", "Description", "ExchangeRate", "ModuleId", "ModuleType", "OriginalAmount", "UpdatedAt")
      VALUES (@p0, @p1, @p2, @p3, @p4, @p5, @p6, @p7, @p8, @p9, @p10, @p11)
      RETURNING "Id";
info: Microsoft.EntityFrameworkCore.Database.Command[20101]
      Executed DbCommand (0ms) [Parameters=[], CommandType='Text', CommandTimeout='30']
      SELECT "i"."Id", "i"."CreatedAt", "i"."Name", "i"."OpeningCost", "i"."OpeningQty", "i"."Unit", "i"."UpdatedAt"
      FROM "Items" AS "i"
info: Microsoft.EntityFrameworkCore.Database.Command[20101]
      Executed DbCommand (0ms) [Parameters=[], CommandType='Text', CommandTimeout='30']
      SELECT "c"."Id", "c"."BalanceAfter", "c"."CashIn", "c"."CashOut", "c"."CreatedAt", "c"."CurrencyId", "c"."Date", "c"."Description", "c"."ExchangeRate", "c"."ModuleId", "c"."ModuleType", "c"."OriginalAmount", "c"."UpdatedAt"
      FROM "CashBooks" AS "c"
info: Microsoft.EntityFrameworkCore.Database.Command[20101]
      Executed DbCommand (0ms) [Parameters=[@__p_0='?' (DbType = Int32)], CommandType='Text', CommandTimeout='30']
      SELECT "c"."Id", "c"."Address", "c"."CreatedAt", "c"."Name", "c"."OpeningBalance", "c"."Phone", "c"."UpdatedAt"
      FROM "Customers" AS "c"
      WHERE "c"."Id" = @__p_0
      LIMIT 1
info: Microsoft.EntityFrameworkCore.Database.Command[20101]
      Executed DbCommand (0ms) [Parameters=[@p0='?' (DbType = Decimal), @p1='?' (DbType = DateTime), @p2='?' (DbType = Decimal), @p3='?' (DbType = Int32), @p4='?' (DbType = Int32), @p5='?' (DbType = DateTime), @p6='?' (DbType = Boolean), @p7='?' (Size = 41), @p8='?' (DbType = Int32), @p9='?' (DbType = Decimal), @p10='?' (DbType = DateTime)], CommandType='Text', CommandTimeout='30']
      INSERT INTO "Sales" ("CashReceived", "CreatedAt", "CreditAmount", "CurrencyId", "CustomerId", "Date", "IsReturn", "Notes", "PaymentStatusId", "TotalAmount", "UpdatedAt")
      VALUES (@p0, @p1, @p2, @p3, @p4, @p5, @p6, @p7, @p8, @p9, @p10)
      RETURNING "Id";
info: Microsoft.EntityFrameworkCore.Database.Command[20101]
      Executed DbCommand (0ms) [Parameters=[@p11='?' (DbType = DateTime), @p12='?' (DbType = Int32), @p13='?' (DbType = Int32), @p14='?' (DbType = Decimal), @p15='?' (DbType = Int32), @p16='?' (DbType = Decimal), @p17='?' (DbType = Int32), @p18='?' (DbType = Decimal), @p19='?' (DbType = DateTime)], CommandType='Text', CommandTimeout='30']
      INSERT INTO "SaleItems" ("CreatedAt", "CurrencyId", "ItemId", "Price", "ProductId", "Qty", "SaleId", "Total", "UpdatedAt")
      VALUES (@p11, @p12, @p13, @p14, @p15, @p16, @p17, @p18, @p19)
      RETURNING "Id";
info: Microsoft.EntityFrameworkCore.Database.Command[20101]
      Executed DbCommand (0ms) [Parameters=[@__p_0='?' (DbType = Int32)], CommandType='Text', CommandTimeout='30']
      SELECT "c"."Id", "c"."Code", "c"."CreatedAt", "c"."CurrentExchangeRate", "c"."IsActive", "c"."IsBaseCurrency", "c"."LastUpdated", "c"."Name", "c"."Symbol", "c"."UpdatedAt"
      FROM "Currencies" AS "c"
      WHERE "c"."Id" = @__p_0
      LIMIT 1
info: Microsoft.EntityFrameworkCore.Database.Command[20101]
      Executed DbCommand (0ms) [Parameters=[], CommandType='Text', CommandTimeout='30']
      SELECT "c"."Id", "c"."BalanceAfter", "c"."CashIn", "c"."CashOut", "c"."CreatedAt", "c"."CurrencyId", "c"."Date", "c"."Description", "c"."ExchangeRate", "c"."ModuleId", "c"."ModuleType", "c"."OriginalAmount", "c"."UpdatedAt"
      FROM "CashBooks" AS "c"
info: Microsoft.EntityFrameworkCore.Database.Command[20101]
      Executed DbCommand (0ms) [Parameters=[@p0='?' (DbType = Decimal), @p1='?' (DbType = Decimal), @p2='?' (DbType = Decimal), @p3='?' (DbType = DateTime), @p4='?' (DbType = Int32), @p5='?' (DbType = DateTime), @p6='?' (Size = 27), @p7='?' (DbType = Decimal), @p8='?' (DbType = Int32), @p9='?' (DbType = Int32), @p10='?' (DbType = Decimal), @p11='?' (DbType = DateTime)], CommandType='Text', CommandTimeout='30']
      INSERT INTO "CashBooks" ("BalanceAfter", "CashIn", "CashOut", "CreatedAt", "CurrencyId", "Date", "Description", "ExchangeRate", "ModuleId", "ModuleType", "OriginalAmount", "UpdatedAt")
      VALUES (@p0, @p1, @p2, @p3, @p4, @p5, @p6, @p7, @p8, @p9, @p10, @p11)
      RETURNING "Id";
info: Microsoft.EntityFrameworkCore.Database.Command[20101]
      Executed DbCommand (0ms) [Parameters=[], CommandType='Text', CommandTimeout='30']
      SELECT "i"."Id", "i"."CreatedAt", "i"."Name", "i"."OpeningCost", "i"."OpeningQty", "i"."Unit", "i"."UpdatedAt"
      FROM "Items" AS "i"
info: Microsoft.EntityFrameworkCore.Database.Command[20101]
      Executed DbCommand (0ms) [Parameters=[@__p_0='?' (DbType = Int32)], CommandType='Text', CommandTimeout='30']
      SELECT "c"."Id", "c"."Address", "c"."CreatedAt", "c"."Name", "c"."OpeningBalance", "c"."Phone", "c"."UpdatedAt"
      FROM "Customers" AS "c"
      WHERE "c"."Id" = @__p_0
      LIMIT 1
info: Microsoft.EntityFrameworkCore.Database.Command[20101]
      Executed DbCommand (0ms) [Parameters=[@p0='?' (DbType = Decimal), @p1='?' (DbType = DateTime), @p2='?' (DbType = Decimal), @p3='?' (DbType = Int32), @p4='?' (DbType = Int32), @p5='?' (DbType = DateTime), @p6='?' (DbType = Boolean), @p7='?' (Size = 38), @p8='?' (DbType = Int32), @p9='?' (DbType = Decimal), @p10='?' (DbType = DateTime)], CommandType='Text', CommandTimeout='30']
      INSERT INTO "Sales" ("CashReceived", "CreatedAt", "CreditAmount", "CurrencyId", "CustomerId", "Date", "IsReturn", "Notes", "PaymentStatusId", "TotalAmount", "UpdatedAt")
      VALUES (@p0, @p1, @p2, @p3, @p4, @p5, @p6, @p7, @p8, @p9, @p10)
      RETURNING "Id";
info: Microsoft.EntityFrameworkCore.Database.Command[20101]
      Executed DbCommand (0ms) [Parameters=[@p11='?' (DbType = DateTime), @p12='?' (DbType = Int32), @p13='?' (DbType = Int32), @p14='?' (DbType = Decimal), @p15='?' (DbType = Int32), @p16='?' (DbType = Decimal), @p17='?' (DbType = Int32), @p18='?' (DbType = Decimal), @p19='?' (DbType = DateTime)], CommandType='Text', CommandTimeout='30']
      INSERT INTO "SaleItems" ("CreatedAt", "CurrencyId", "ItemId", "Price", "ProductId", "Qty", "SaleId", "Total", "UpdatedAt")
      VALUES (@p11, @p12, @p13, @p14, @p15, @p16, @p17, @p18, @p19)
      RETURNING "Id";
info: Microsoft.EntityFrameworkCore.Database.Command[20101]
      Executed DbCommand (0ms) [Parameters=[@__p_0='?' (DbType = Int32)], CommandType='Text', CommandTimeout='30']
      SELECT "c"."Id", "c"."Code", "c"."CreatedAt", "c"."CurrentExchangeRate", "c"."IsActive", "c"."IsBaseCurrency", "c"."LastUpdated", "c"."Name", "c"."Symbol", "c"."UpdatedAt"
      FROM "Currencies" AS "c"
      WHERE "c"."Id" = @__p_0
      LIMIT 1
info: Microsoft.EntityFrameworkCore.Database.Command[20101]
      Executed DbCommand (0ms) [Parameters=[], CommandType='Text', CommandTimeout='30']
      SELECT "c"."Id", "c"."BalanceAfter", "c"."CashIn", "c"."CashOut", "c"."CreatedAt", "c"."CurrencyId", "c"."Date", "c"."Description", "c"."ExchangeRate", "c"."ModuleId", "c"."ModuleType", "c"."OriginalAmount", "c"."UpdatedAt"
      FROM "CashBooks" AS "c"
info: Microsoft.EntityFrameworkCore.Database.Command[20101]
      Executed DbCommand (0ms) [Parameters=[], CommandType='Text', CommandTimeout='30']
      SELECT "c"."Id", "c"."BalanceAfter", "c"."CreatedAt", "c"."CreditAmount", "c"."CustomerId", "c"."Date", "c"."Description", "c"."InvoiceId", "c"."PaymentAmount", "c"."PaymentId", "c"."UpdatedAt"
      FROM "CustomerTransactions" AS "c"
info: Microsoft.EntityFrameworkCore.Database.Command[20101]
      Executed DbCommand (0ms) [Parameters=[@p0='?' (DbType = Decimal), @p1='?' (DbType = Decimal), @p2='?' (DbType = Decimal), @p3='?' (DbType = DateTime), @p4='?' (DbType = Int32), @p5='?' (DbType = DateTime), @p6='?' (Size = 27), @p7='?' (DbType = Decimal), @p8='?' (DbType = Int32), @p9='?' (DbType = Int32), @p10='?' (DbType = Decimal), @p11='?' (DbType = DateTime)], CommandType='Text', CommandTimeout='30']
      INSERT INTO "CashBooks" ("BalanceAfter", "CashIn", "CashOut", "CreatedAt", "CurrencyId", "Date", "Description", "ExchangeRate", "ModuleId", "ModuleType", "OriginalAmount", "UpdatedAt")
      VALUES (@p0, @p1, @p2, @p3, @p4, @p5, @p6, @p7, @p8, @p9, @p10, @p11)
      RETURNING "Id";
info: Microsoft.EntityFrameworkCore.Database.Command[20101]
      Executed DbCommand (0ms) [Parameters=[@p0='?' (DbType = Decimal), @p1='?' (DbType = DateTime), @p2='?' (DbType = Decimal), @p3='?' (DbType = Int32), @p4='?' (DbType = DateTime), @p5='?' (Size = 8), @p6='?' (DbType = Int32), @p7='?' (DbType = Decimal), @p8='?' (DbType = Int32), @p9='?' (DbType = DateTime)], CommandType='Text', CommandTimeout='30']
      INSERT INTO "CustomerTransactions" ("BalanceAfter", "CreatedAt", "CreditAmount", "CustomerId", "Date", "Description", "InvoiceId", "PaymentAmount", "PaymentId", "UpdatedAt")
      VALUES (@p0, @p1, @p2, @p3, @p4, @p5, @p6, @p7, @p8, @p9)
      RETURNING "Id";
info: Microsoft.EntityFrameworkCore.Database.Command[20101]
      Executed DbCommand (0ms) [Parameters=[], CommandType='Text', CommandTimeout='30']
      SELECT "i"."Id", "i"."CreatedAt", "i"."Name", "i"."OpeningCost", "i"."OpeningQty", "i"."Unit", "i"."UpdatedAt"
      FROM "Items" AS "i"
info: Microsoft.EntityFrameworkCore.Database.Command[20101]
      Executed DbCommand (0ms) [Parameters=[@__p_0='?' (DbType = Int32)], CommandType='Text', CommandTimeout='30']
      SELECT "c"."Id", "c"."Address", "c"."CreatedAt", "c"."Name", "c"."OpeningBalance", "c"."Phone", "c"."UpdatedAt"
      FROM "Customers" AS "c"
      WHERE "c"."Id" = @__p_0
      LIMIT 1
info: Microsoft.EntityFrameworkCore.Database.Command[20101]
      Executed DbCommand (0ms) [Parameters=[@p0='?' (DbType = Decimal), @p1='?' (DbType = DateTime), @p2='?' (DbType = Decimal), @p3='?' (DbType = Int32), @p4='?' (DbType = Int32), @p5='?' (DbType = DateTime), @p6='?' (DbType = Boolean), @p7='?' (Size = 29), @p8='?' (DbType = Int32), @p9='?' (DbType = Decimal), @p10='?' (DbType = DateTime)], CommandType='Text', CommandTimeout='30']
      INSERT INTO "Sales" ("CashReceived", "CreatedAt", "CreditAmount", "CurrencyId", "CustomerId", "Date", "IsReturn", "Notes", "PaymentStatusId", "TotalAmount", "UpdatedAt")
      VALUES (@p0, @p1, @p2, @p3, @p4, @p5, @p6, @p7, @p8, @p9, @p10)
      RETURNING "Id";
info: Microsoft.EntityFrameworkCore.Database.Command[20101]
      Executed DbCommand (0ms) [Parameters=[@p11='?' (DbType = DateTime), @p12='?' (DbType = Int32), @p13='?' (DbType = Int32), @p14='?' (DbType = Decimal), @p15='?' (DbType = Int32), @p16='?' (DbType = Decimal), @p17='?' (DbType = Int32), @p18='?' (DbType = Decimal), @p19='?' (DbType = DateTime)], CommandType='Text', CommandTimeout='30']
      INSERT INTO "SaleItems" ("CreatedAt", "CurrencyId", "ItemId", "Price", "ProductId", "Qty", "SaleId", "Total", "UpdatedAt")
      VALUES (@p11, @p12, @p13, @p14, @p15, @p16, @p17, @p18, @p19)
      RETURNING "Id";
info: Microsoft.EntityFrameworkCore.Database.Command[20101]
      Executed DbCommand (0ms) [Parameters=[], CommandType='Text', CommandTimeout='30']
      SELECT "c"."Id", "c"."BalanceAfter", "c"."CreatedAt", "c"."CreditAmount", "c"."CustomerId", "c"."Date", "c"."Description", "c"."InvoiceId", "c"."PaymentAmount", "c"."PaymentId", "c"."UpdatedAt"
      FROM "CustomerTransactions" AS "c"
info: Microsoft.EntityFrameworkCore.Database.Command[20101]
      Executed DbCommand (0ms) [Parameters=[@p0='?' (DbType = Decimal), @p1='?' (DbType = DateTime), @p2='?' (DbType = Decimal), @p3='?' (DbType = Int32), @p4='?' (DbType = DateTime), @p5='?' (Size = 8), @p6='?' (DbType = Int32), @p7='?' (DbType = Decimal), @p8='?' (DbType = Int32), @p9='?' (DbType = DateTime)], CommandType='Text', CommandTimeout='30']
      INSERT INTO "CustomerTransactions" ("BalanceAfter", "CreatedAt", "CreditAmount", "CustomerId", "Date", "Description", "InvoiceId", "PaymentAmount", "PaymentId", "UpdatedAt")
      VALUES (@p0, @p1, @p2, @p3, @p4, @p5, @p6, @p7, @p8, @p9)
      RETURNING "Id";
info: Microsoft.EntityFrameworkCore.Database.Command[20101]
      Executed DbCommand (0ms) [Parameters=[@__p_0='?' (DbType = Int32)], CommandType='Text', CommandTimeout='30']
      SELECT "c"."Id", "c"."Code", "c"."CreatedAt", "c"."CurrentExchangeRate", "c"."IsActive", "c"."IsBaseCurrency", "c"."LastUpdated", "c"."Name", "c"."Symbol", "c"."UpdatedAt"
      FROM "Currencies" AS "c"
      WHERE "c"."Id" = @__p_0
      LIMIT 1
info: Microsoft.EntityFrameworkCore.Database.Command[20101]
      Executed DbCommand (0ms) [Parameters=[], CommandType='Text', CommandTimeout='30']
      SELECT "i"."Id", "i"."CreatedAt", "i"."Name", "i"."OpeningCost", "i"."OpeningQty", "i"."Unit", "i"."UpdatedAt"
      FROM "Items" AS "i"
info: Microsoft.EntityFrameworkCore.Database.Command[20101]
      Executed DbCommand (0ms) [Parameters=[@__p_0='?' (DbType = Int32)], CommandType='Text', CommandTimeout='30']
      SELECT "c"."Id", "c"."Address", "c"."CreatedAt", "c"."Name", "c"."OpeningBalance", "c"."Phone", "c"."UpdatedAt"
      FROM "Customers" AS "c"
      WHERE "c"."Id" = @__p_0
      LIMIT 1
info: Microsoft.EntityFrameworkCore.Database.Command[20101]
      Executed DbCommand (0ms) [Parameters=[], CommandType='Text', CommandTimeout='30']
      SELECT "c"."Id", "c"."BalanceAfter", "c"."CreatedAt", "c"."CreditAmount", "c"."CustomerId", "c"."Date", "c"."Description", "c"."InvoiceId", "c"."PaymentAmount", "c"."PaymentId", "c"."UpdatedAt"
      FROM "CustomerTransactions" AS "c"
info: Microsoft.EntityFrameworkCore.Database.Command[20101]
      Executed DbCommand (0ms) [Parameters=[@__p_0='?' (DbType = Int32)], CommandType='Text', CommandTimeout='30']
      SELECT "c"."Id", "c"."Address", "c"."CreatedAt", "c"."Name", "c"."OpeningBalance", "c"."Phone", "c"."UpdatedAt"
      FROM "Customers" AS "c"
      WHERE "c"."Id" = @__p_0
      LIMIT 1
info: Microsoft.EntityFrameworkCore.Database.Command[20101]
      Executed DbCommand (0ms) [Parameters=[], CommandType='Text', CommandTimeout='30']
      SELECT "c"."Id", "c"."BalanceAfter", "c"."CreatedAt", "c"."CreditAmount", "c"."CustomerId", "c"."Date", "c"."Description", "c"."InvoiceId", "c"."PaymentAmount", "c"."PaymentId", "c"."UpdatedAt"
      FROM "CustomerTransactions" AS "c"
info: Microsoft.EntityFrameworkCore.Database.Command[20101]
      Executed DbCommand (0ms) [Parameters=[@__p_0='?' (DbType = Int32)], CommandType='Text', CommandTimeout='30']
      SELECT "c"."Id", "c"."Address", "c"."CreatedAt", "c"."Name", "c"."OpeningBalance", "c"."Phone", "c"."UpdatedAt"
      FROM "Customers" AS "c"
      WHERE "c"."Id" = @__p_0
      LIMIT 1
info: Microsoft.EntityFrameworkCore.Database.Command[20101]
      Executed DbCommand (0ms) [Parameters=[], CommandType='Text', CommandTimeout='30']
      SELECT "c"."Id", "c"."BalanceAfter", "c"."CreatedAt", "c"."CreditAmount", "c"."CustomerId", "c"."Date", "c"."Description", "c"."InvoiceId", "c"."PaymentAmount", "c"."PaymentId", "c"."UpdatedAt"
      FROM "CustomerTransactions" AS "c"
info: Microsoft.EntityFrameworkCore.Database.Command[20101]
      Executed DbCommand (0ms) [Parameters=[], CommandType='Text', CommandTimeout='30']
      SELECT "c"."Id", "c"."BalanceAfter", "c"."CashIn", "c"."CashOut", "c"."CreatedAt", "c"."CurrencyId", "c"."Date", "c"."Description", "c"."ExchangeRate", "c"."ModuleId", "c"."ModuleType", "c"."OriginalAmount", "c"."UpdatedAt"
      FROM "CashBooks" AS "c"
info: Microsoft.EntityFrameworkCore.Database.Command[20101]
      Executed DbCommand (1ms) [Parameters=[@__p_0='?' (DbType = Int32)], CommandType='Text', CommandTimeout='30']
      SELECT "c"."Id", "c"."Address", "c"."CreatedAt", "c"."Name", "c"."OpeningBalance", "c"."Phone", "c"."UpdatedAt"
      FROM "Customers" AS "c"
      WHERE "c"."Id" = @__p_0
      LIMIT 1
info: Microsoft.EntityFrameworkCore.Database.Command[20101]
      Executed DbCommand (0ms) [Parameters=[@p0='?' (DbType = Decimal), @p1='?' (DbType = DateTime), @p2='?' (DbType = Decimal), @p3='?' (DbType = Int32), @p4='?' (DbType = Int32), @p5='?' (DbType = DateTime), @p6='?' (DbType = Boolean), @p7='?' (Size = 39), @p8='?' (DbType = Int32), @p9='?' (DbType = Decimal), @p10='?' (DbType = DateTime)], CommandType='Text', CommandTimeout='30']
      INSERT INTO "Sales" ("CashReceived", "CreatedAt", "CreditAmount", "CurrencyId", "CustomerId", "Date", "IsReturn", "Notes", "PaymentStatusId", "TotalAmount", "UpdatedAt")
      VALUES (@p0, @p1, @p2, @p3, @p4, @p5, @p6, @p7, @p8, @p9, @p10)
      RETURNING "Id";
info: Microsoft.EntityFrameworkCore.Database.Command[20101]
      Executed DbCommand (0ms) [Parameters=[@p11='?' (DbType = DateTime), @p12='?' (DbType = Int32), @p13='?' (DbType = Int32), @p14='?' (DbType = Decimal), @p15='?' (DbType = Int32), @p16='?' (DbType = Decimal), @p17='?' (DbType = Int32), @p18='?' (DbType = Decimal), @p19='?' (DbType = DateTime)], CommandType='Text', CommandTimeout='30']
      INSERT INTO "SaleItems" ("CreatedAt", "CurrencyId", "ItemId", "Price", "ProductId", "Qty", "SaleId", "Total", "UpdatedAt")
      VALUES (@p11, @p12, @p13, @p14, @p15, @p16, @p17, @p18, @p19)
      RETURNING "Id";
info: Microsoft.EntityFrameworkCore.Database.Command[20101]
      Executed DbCommand (0ms) [Parameters=[], CommandType='Text', CommandTimeout='30']
      SELECT "c"."Id", "c"."BalanceAfter", "c"."CreatedAt", "c"."CreditAmount", "c"."CustomerId", "c"."Date", "c"."Description", "c"."InvoiceId", "c"."PaymentAmount", "c"."PaymentId", "c"."UpdatedAt"
      FROM "CustomerTransactions" AS "c"
info: Microsoft.EntityFrameworkCore.Database.Command[20101]
      Executed DbCommand (0ms) [Parameters=[@p0='?' (DbType = Decimal), @p1='?' (DbType = DateTime), @p2='?' (DbType = Decimal), @p3='?' (DbType = Int32), @p4='?' (DbType = DateTime), @p5='?' (Size = 8), @p6='?' (DbType = Int32), @p7='?' (DbType = Decimal), @p8='?' (DbType = Int32), @p9='?' (DbType = DateTime)], CommandType='Text', CommandTimeout='30']
      INSERT INTO "CustomerTransactions" ("BalanceAfter", "CreatedAt", "CreditAmount", "CustomerId", "Date", "Description", "InvoiceId", "PaymentAmount", "PaymentId", "UpdatedAt")
      VALUES (@p0, @p1, @p2, @p3, @p4, @p5, @p6, @p7, @p8, @p9)
      RETURNING "Id";
info: Microsoft.EntityFrameworkCore.Database.Command[20101]
      Executed DbCommand (0ms) [Parameters=[@__p_0='?' (DbType = Int32)], CommandType='Text', CommandTimeout='30']
      SELECT "c"."Id", "c"."Code", "c"."CreatedAt", "c"."CurrentExchangeRate", "c"."IsActive", "c"."IsBaseCurrency", "c"."LastUpdated", "c"."Name", "c"."Symbol", "c"."UpdatedAt"
      FROM "Currencies" AS "c"
      WHERE "c"."Id" = @__p_0
      LIMIT 1
info: Microsoft.EntityFrameworkCore.Database.Command[20101]
      Executed DbCommand (0ms) [Parameters=[], CommandType='Text', CommandTimeout='30']
      SELECT "i"."Id", "i"."CreatedAt", "i"."Name", "i"."OpeningCost", "i"."OpeningQty", "i"."Unit", "i"."UpdatedAt"
      FROM "Items" AS "i"
info: Microsoft.EntityFrameworkCore.Database.Command[20101]
      Executed DbCommand (0ms) [Parameters=[@__p_0='?' (DbType = Int32)], CommandType='Text', CommandTimeout='30']
      SELECT "c"."Id", "c"."Address", "c"."CreatedAt", "c"."Name", "c"."OpeningBalance", "c"."Phone", "c"."UpdatedAt"
      FROM "Customers" AS "c"
      WHERE "c"."Id" = @__p_0
      LIMIT 1
info: Microsoft.EntityFrameworkCore.Database.Command[20101]
      Executed DbCommand (0ms) [Parameters=[], CommandType='Text', CommandTimeout='30']
      SELECT "c"."Id", "c"."BalanceAfter", "c"."CreatedAt", "c"."CreditAmount", "c"."CustomerId", "c"."Date", "c"."Description", "c"."InvoiceId", "c"."PaymentAmount", "c"."PaymentId", "c"."UpdatedAt"
      FROM "CustomerTransactions" AS "c"
info: Microsoft.EntityFrameworkCore.Database.Command[20101]
      Executed DbCommand (0ms) [Parameters=[@p0='?' (DbType = Decimal), @p1='?' (DbType = DateTime), @p2='?' (DbType = Int32), @p3='?' (DbType = DateTime), @p4='?' (Size = 29), @p5='?' (DbType = Int32), @p6='?' (DbType = Int32), @p7='?' (DbType = Int32), @p8='?' (DbType = DateTime)], CommandType='Text', CommandTimeout='30']
      INSERT INTO "Payment" ("Amount", "CreatedAt", "CurrencyId", "Date", "Description", "Method", "PartyId", "PartyType", "UpdatedAt")
      VALUES (@p0, @p1, @p2, @p3, @p4, @p5, @p6, @p7, @p8)
      RETURNING "Id";
info: Microsoft.EntityFrameworkCore.Database.Command[20101]
      Executed DbCommand (0ms) [Parameters=[], CommandType='Text', CommandTimeout='30']
      SELECT "c"."Id", "c"."BalanceAfter", "c"."CashIn", "c"."CashOut", "c"."CreatedAt", "c"."CurrencyId", "c"."Date", "c"."Description", "c"."ExchangeRate", "c"."ModuleId", "c"."ModuleType", "c"."OriginalAmount", "c"."UpdatedAt"
      FROM "CashBooks" AS "c"
info: Microsoft.EntityFrameworkCore.Database.Command[20101]
      Executed DbCommand (0ms) [Parameters=[@__p_0='?' (DbType = Int32)], CommandType='Text', CommandTimeout='30']
      SELECT "c"."Id", "c"."Address", "c"."CreatedAt", "c"."Name", "c"."OpeningBalance", "c"."Phone", "c"."UpdatedAt"
      FROM "Customers" AS "c"
      WHERE "c"."Id" = @__p_0
      LIMIT 1
info: Microsoft.EntityFrameworkCore.Database.Command[20101]
      Executed DbCommand (0ms) [Parameters=[], CommandType='Text', CommandTimeout='30']
      SELECT "c"."Id", "c"."BalanceAfter", "c"."CreatedAt", "c"."CreditAmount", "c"."CustomerId", "c"."Date", "c"."Description", "c"."InvoiceId", "c"."PaymentAmount", "c"."PaymentId", "c"."UpdatedAt"
      FROM "CustomerTransactions" AS "c"
info: Microsoft.EntityFrameworkCore.Database.Command[20101]
      Executed DbCommand (0ms) [Parameters=[@p0='?' (DbType = Decimal), @p1='?' (DbType = Decimal), @p2='?' (DbType = Decimal), @p3='?' (DbType = DateTime), @p4='?' (DbType = Int32), @p5='?' (DbType = DateTime), @p6='?' (Size = 29), @p7='?' (DbType = Decimal), @p8='?' (DbType = Int32), @p9='?' (DbType = Int32), @p10='?' (DbType = Decimal), @p11='?' (DbType = DateTime)], CommandType='Text', CommandTimeout='30']
      INSERT INTO "CashBooks" ("BalanceAfter", "CashIn", "CashOut", "CreatedAt", "CurrencyId", "Date", "Description", "ExchangeRate", "ModuleId", "ModuleType", "OriginalAmount", "UpdatedAt")
      VALUES (@p0, @p1, @p2, @p3, @p4, @p5, @p6, @p7, @p8, @p9, @p10, @p11)
      RETURNING "Id";
info: Microsoft.EntityFrameworkCore.Database.Command[20101]
      Executed DbCommand (0ms) [Parameters=[@p0='?' (DbType = Decimal), @p1='?' (DbType = DateTime), @p2='?' (DbType = Decimal), @p3='?' (DbType = Int32), @p4='?' (DbType = DateTime), @p5='?' (Size = 29), @p6='?' (DbType = Int32), @p7='?' (DbType = Decimal), @p8='?' (DbType = Int32), @p9='?' (DbType = DateTime)], CommandType='Text', CommandTimeout='30']
      INSERT INTO "CustomerTransactions" ("BalanceAfter", "CreatedAt", "CreditAmount", "CustomerId", "Date", "Description", "InvoiceId", "PaymentAmount", "PaymentId", "UpdatedAt")
      VALUES (@p0, @p1, @p2, @p3, @p4, @p5, @p6, @p7, @p8, @p9)
      RETURNING "Id";
info: Microsoft.EntityFrameworkCore.Database.Command[20101]
      Executed DbCommand (0ms) [Parameters=[@__p_0='?' (DbType = Int32)], CommandType='Text', CommandTimeout='30']
      SELECT "c"."Id", "c"."Address", "c"."CreatedAt", "c"."Name", "c"."OpeningBalance", "c"."Phone", "c"."UpdatedAt"
      FROM "Customers" AS "c"
      WHERE "c"."Id" = @__p_0
      LIMIT 1
info: Microsoft.EntityFrameworkCore.Database.Command[20101]
      Executed DbCommand (0ms) [Parameters=[], CommandType='Text', CommandTimeout='30']
      SELECT "c"."Id", "c"."BalanceAfter", "c"."CreatedAt", "c"."CreditAmount", "c"."CustomerId", "c"."Date", "c"."Description", "c"."InvoiceId", "c"."PaymentAmount", "c"."PaymentId", "c"."UpdatedAt"
      FROM "CustomerTransactions" AS "c"
info: Microsoft.EntityFrameworkCore.Database.Command[20101]
      Executed DbCommand (0ms) [Parameters=[@__p_0='?' (DbType = Int32)], CommandType='Text', CommandTimeout='30']
      SELECT "s"."Id", "s"."Address", "s"."CreatedAt", "s"."Name", "s"."OpeningBalance", "s"."Phone", "s"."UpdatedAt"
      FROM "Suppliers" AS "s"
      WHERE "s"."Id" = @__p_0
      LIMIT 1
info: Microsoft.EntityFrameworkCore.Database.Command[20101]
      Executed DbCommand (0ms) [Parameters=[@p0='?' (DbType = Decimal), @p1='?' (DbType = DateTime), @p2='?' (DbType = Decimal), @p3='?' (DbType = Int32), @p4='?' (DbType = DateTime), @p5='?' (DbType = Boolean), @p6='?' (Size = 36), @p7='?' (DbType = Int32), @p8='?' (DbType = Int32), @p9='?' (DbType = Decimal), @p10='?' (DbType = DateTime)], CommandType='Text', CommandTimeout='30']
      INSERT INTO "Purchases" ("CashPaid", "CreatedAt", "CreditAmount", "CurrencyId", "Date", "IsReturn", "Notes", "PaymentStatusId", "SupplierId", "TotalAmount", "UpdatedAt")
      VALUES (@p0, @p1, @p2, @p3, @p4, @p5, @p6, @p7, @p8, @p9, @p10)
      RETURNING "Id";
info: Microsoft.EntityFrameworkCore.Database.Command[20101]
      Executed DbCommand (0ms) [Parameters=[@p11='?' (DbType = Decimal), @p12='?' (DbType = DateTime), @p13='?' (DbType = Int32), @p14='?' (DbType = Int32), @p15='?' (DbType = Int32), @p16='?' (DbType = Int32), @p17='?' (DbType = Decimal), @p18='?' (DbType = Decimal), @p19='?' (DbType = DateTime)], CommandType='Text', CommandTimeout='30']
      INSERT INTO "PurchaseItems" ("Cost", "CreatedAt", "CurrencyId", "ItemId", "ProductId", "PurchaseId", "Qty", "Total", "UpdatedAt")
      VALUES (@p11, @p12, @p13, @p14, @p15, @p16, @p17, @p18, @p19)
      RETURNING "Id";
info: Microsoft.EntityFrameworkCore.Database.Command[20101]
      Executed DbCommand (0ms) [Parameters=[], CommandType='Text', CommandTimeout='30']
      SELECT "s"."Id", "s"."BalanceAfter", "s"."CreatedAt", "s"."CreditAmount", "s"."Date", "s"."Description", "s"."PaymentAmount", "s"."PaymentId", "s"."PurchaseId", "s"."SupplierId", "s"."UpdatedAt"
      FROM "SupplierTransactions" AS "s"
info: Microsoft.EntityFrameworkCore.Database.Command[20101]
      Executed DbCommand (0ms) [Parameters=[@p0='?' (DbType = Decimal), @p1='?' (DbType = DateTime), @p2='?' (DbType = Decimal), @p3='?' (DbType = DateTime), @p4='?' (Size = 11), @p5='?' (DbType = Decimal), @p6='?' (DbType = Int32), @p7='?' (DbType = Int32), @p8='?' (DbType = Int32), @p9='?' (DbType = DateTime)], CommandType='Text', CommandTimeout='30']
      INSERT INTO "SupplierTransactions" ("BalanceAfter", "CreatedAt", "CreditAmount", "Date", "Description", "PaymentAmount", "PaymentId", "PurchaseId", "SupplierId", "UpdatedAt")
      VALUES (@p0, @p1, @p2, @p3, @p4, @p5, @p6, @p7, @p8, @p9)
      RETURNING "Id";
info: Microsoft.EntityFrameworkCore.Database.Command[20101]
      Executed DbCommand (0ms) [Parameters=[@__p_0='?' (DbType = Int32)], CommandType='Text', CommandTimeout='30']
      SELECT "c"."Id", "c"."Code", "c"."CreatedAt", "c"."CurrentExchangeRate", "c"."IsActive", "c"."IsBaseCurrency", "c"."LastUpdated", "c"."Name", "c"."Symbol", "c"."UpdatedAt"
      FROM "Currencies" AS "c"
      WHERE "c"."Id" = @__p_0
      LIMIT 1
info: Microsoft.EntityFrameworkCore.Database.Command[20101]
      Executed DbCommand (0ms) [Parameters=[], CommandType='Text', CommandTimeout='30']
      SELECT "i"."Id", "i"."CreatedAt", "i"."Name", "i"."OpeningCost", "i"."OpeningQty", "i"."Unit", "i"."UpdatedAt"
      FROM "Items" AS "i"
info: Microsoft.EntityFrameworkCore.Database.Command[20101]
      Executed DbCommand (0ms) [Parameters=[@__p_0='?' (DbType = Int32)], CommandType='Text', CommandTimeout='30']
      SELECT "s"."Id", "s"."Address", "s"."CreatedAt", "s"."Name", "s"."OpeningBalance", "s"."Phone", "s"."UpdatedAt"
      FROM "Suppliers" AS "s"
      WHERE "s"."Id" = @__p_0
      LIMIT 1
info: Microsoft.EntityFrameworkCore.Database.Command[20101]
      Executed DbCommand (0ms) [Parameters=[], CommandType='Text', CommandTimeout='30']
      SELECT "s"."Id", "s"."BalanceAfter", "s"."CreatedAt", "s"."CreditAmount", "s"."Date", "s"."Description", "s"."PaymentAmount", "s"."PaymentId", "s"."PurchaseId", "s"."SupplierId", "s"."UpdatedAt"
      FROM "SupplierTransactions" AS "s"
info: Microsoft.EntityFrameworkCore.Database.Command[20101]
      Executed DbCommand (0ms) [Parameters=[@p0='?' (DbType = Decimal), @p1='?' (DbType = DateTime), @p2='?' (DbType = Int32), @p3='?' (DbType = DateTime), @p4='?' (Size = 27), @p5='?' (DbType = Int32), @p6='?' (DbType = Int32), @p7='?' (DbType = Int32), @p8='?' (DbType = DateTime)], CommandType='Text', CommandTimeout='30']
      INSERT INTO "Payment" ("Amount", "CreatedAt", "CurrencyId", "Date", "Description", "Method", "PartyId", "PartyType", "UpdatedAt")
      VALUES (@p0, @p1, @p2, @p3, @p4, @p5, @p6, @p7, @p8)
      RETURNING "Id";
info: Microsoft.EntityFrameworkCore.Database.Command[20101]
      Executed DbCommand (0ms) [Parameters=[], CommandType='Text', CommandTimeout='30']
      SELECT "c"."Id", "c"."BalanceAfter", "c"."CashIn", "c"."CashOut", "c"."CreatedAt", "c"."CurrencyId", "c"."Date", "c"."Description", "c"."ExchangeRate", "c"."ModuleId", "c"."ModuleType", "c"."OriginalAmount", "c"."UpdatedAt"
      FROM "CashBooks" AS "c"
info: Microsoft.EntityFrameworkCore.Database.Command[20101]
      Executed DbCommand (0ms) [Parameters=[@__p_0='?' (DbType = Int32)], CommandType='Text', CommandTimeout='30']
      SELECT "s"."Id", "s"."Address", "s"."CreatedAt", "s"."Name", "s"."OpeningBalance", "s"."Phone", "s"."UpdatedAt"
      FROM "Suppliers" AS "s"
      WHERE "s"."Id" = @__p_0
      LIMIT 1
info: Microsoft.EntityFrameworkCore.Database.Command[20101]
      Executed DbCommand (0ms) [Parameters=[], CommandType='Text', CommandTimeout='30']
      SELECT "s"."Id", "s"."BalanceAfter", "s"."CreatedAt", "s"."CreditAmount", "s"."Date", "s"."Description", "s"."PaymentAmount", "s"."PaymentId", "s"."PurchaseId", "s"."SupplierId", "s"."UpdatedAt"
      FROM "SupplierTransactions" AS "s"
info: Microsoft.EntityFrameworkCore.Database.Command[20101]
      Executed DbCommand (0ms) [Parameters=[@p0='?' (DbType = Decimal), @p1='?' (DbType = Decimal), @p2='?' (DbType = Decimal), @p3='?' (DbType = DateTime), @p4='?' (DbType = Int32), @p5='?' (DbType = DateTime), @p6='?' (Size = 27), @p7='?' (DbType = Decimal), @p8='?' (DbType = Int32), @p9='?' (DbType = Int32), @p10='?' (DbType = Decimal), @p11='?' (DbType = DateTime)], CommandType='Text', CommandTimeout='30']
      INSERT INTO "CashBooks" ("BalanceAfter", "CashIn", "CashOut", "CreatedAt", "CurrencyId", "Date", "Description", "ExchangeRate", "ModuleId", "ModuleType", "OriginalAmount", "UpdatedAt")
      VALUES (@p0, @p1, @p2, @p3, @p4, @p5, @p6, @p7, @p8, @p9, @p10, @p11)
      RETURNING "Id";
info: Microsoft.EntityFrameworkCore.Database.Command[20101]
      Executed DbCommand (0ms) [Parameters=[@p0='?' (DbType = Decimal), @p1='?' (DbType = DateTime), @p2='?' (DbType = Decimal), @p3='?' (DbType = DateTime), @p4='?' (Size = 27), @p5='?' (DbType = Decimal), @p6='?' (DbType = Int32), @p7='?' (DbType = Int32), @p8='?' (DbType = Int32), @p9='?' (DbType = DateTime)], CommandType='Text', CommandTimeout='30']
      INSERT INTO "SupplierTransactions" ("BalanceAfter", "CreatedAt", "CreditAmount", "Date", "Description", "PaymentAmount", "PaymentId", "PurchaseId", "SupplierId", "UpdatedAt")
      VALUES (@p0, @p1, @p2, @p3, @p4, @p5, @p6, @p7, @p8, @p9)
      RETURNING "Id";
info: Microsoft.EntityFrameworkCore.Database.Command[20101]
      Executed DbCommand (0ms) [Parameters=[@__p_0='?' (DbType = Int32)], CommandType='Text', CommandTimeout='30']
      SELECT "s"."Id", "s"."Address", "s"."CreatedAt", "s"."Name", "s"."OpeningBalance", "s"."Phone", "s"."UpdatedAt"
      FROM "Suppliers" AS "s"
      WHERE "s"."Id" = @__p_0
      LIMIT 1
info: Microsoft.EntityFrameworkCore.Database.Command[20101]
      Executed DbCommand (0ms) [Parameters=[], CommandType='Text', CommandTimeout='30']
      SELECT "s"."Id", "s"."BalanceAfter", "s"."CreatedAt", "s"."CreditAmount", "s"."Date", "s"."Description", "s"."PaymentAmount", "s"."PaymentId", "s"."PurchaseId", "s"."SupplierId", "s"."UpdatedAt"
      FROM "SupplierTransactions" AS "s"
info: Microsoft.EntityFrameworkCore.Database.Command[20101]
      Executed DbCommand (0ms) [Parameters=[], CommandType='Text', CommandTimeout='30']
      SELECT "c"."Id", "c"."BalanceAfter", "c"."CashIn", "c"."CashOut", "c"."CreatedAt", "c"."CurrencyId", "c"."Date", "c"."Description", "c"."ExchangeRate", "c"."ModuleId", "c"."ModuleType", "c"."OriginalAmount", "c"."UpdatedAt"
      FROM "CashBooks" AS "c"
info: Microsoft.EntityFrameworkCore.Database.Command[20101]
      Executed DbCommand (1ms) [Parameters=[@__p_0='?' (DbType = Int32)], CommandType='Text', CommandTimeout='30']
      SELECT "c"."Id", "c"."Address", "c"."CreatedAt", "c"."Name", "c"."OpeningBalance", "c"."Phone", "c"."UpdatedAt"
      FROM "Customers" AS "c"
      WHERE "c"."Id" = @__p_0
      LIMIT 1
info: Microsoft.EntityFrameworkCore.Database.Command[20101]
      Executed DbCommand (0ms) [Parameters=[@p0='?' (DbType = Decimal), @p1='?' (DbType = DateTime), @p2='?' (DbType = Decimal), @p3='?' (DbType = Int32), @p4='?' (DbType = Int32), @p5='?' (DbType = DateTime), @p6='?' (DbType = Boolean), @p7='?' (Size = 35), @p8='?' (DbType = Int32), @p9='?' (DbType = Decimal), @p10='?' (DbType = DateTime)], CommandType='Text', CommandTimeout='30']
      INSERT INTO "Sales" ("CashReceived", "CreatedAt", "CreditAmount", "CurrencyId", "CustomerId", "Date", "IsReturn", "Notes", "PaymentStatusId", "TotalAmount", "UpdatedAt")
      VALUES (@p0, @p1, @p2, @p3, @p4, @p5, @p6, @p7, @p8, @p9, @p10)
      RETURNING "Id";
info: Microsoft.EntityFrameworkCore.Database.Command[20101]
      Executed DbCommand (0ms) [Parameters=[@p11='?' (DbType = DateTime), @p12='?' (DbType = Int32), @p13='?' (DbType = Int32), @p14='?' (DbType = Decimal), @p15='?' (DbType = Int32), @p16='?' (DbType = Decimal), @p17='?' (DbType = Int32), @p18='?' (DbType = Decimal), @p19='?' (DbType = DateTime)], CommandType='Text', CommandTimeout='30']
      INSERT INTO "SaleItems" ("CreatedAt", "CurrencyId", "ItemId", "Price", "ProductId", "Qty", "SaleId", "Total", "UpdatedAt")
      VALUES (@p11, @p12, @p13, @p14, @p15, @p16, @p17, @p18, @p19)
      RETURNING "Id";
info: Microsoft.EntityFrameworkCore.Database.Command[20101]
      Executed DbCommand (0ms) [Parameters=[], CommandType='Text', CommandTimeout='30']
      SELECT "c"."Id", "c"."BalanceAfter", "c"."CreatedAt", "c"."CreditAmount", "c"."CustomerId", "c"."Date", "c"."Description", "c"."InvoiceId", "c"."PaymentAmount", "c"."PaymentId", "c"."UpdatedAt"
      FROM "CustomerTransactions" AS "c"
info: Microsoft.EntityFrameworkCore.Database.Command[20101]
      Executed DbCommand (0ms) [Parameters=[@p0='?' (DbType = Decimal), @p1='?' (DbType = DateTime), @p2='?' (DbType = Decimal), @p3='?' (DbType = Int32), @p4='?' (DbType = DateTime), @p5='?' (Size = 8), @p6='?' (DbType = Int32), @p7='?' (DbType = Decimal), @p8='?' (DbType = Int32), @p9='?' (DbType = DateTime)], CommandType='Text', CommandTimeout='30']
      INSERT INTO "CustomerTransactions" ("BalanceAfter", "CreatedAt", "CreditAmount", "CustomerId", "Date", "Description", "InvoiceId", "PaymentAmount", "PaymentId", "UpdatedAt")
      VALUES (@p0, @p1, @p2, @p3, @p4, @p5, @p6, @p7, @p8, @p9)
      RETURNING "Id";
info: Microsoft.EntityFrameworkCore.Database.Command[20101]
      Executed DbCommand (0ms) [Parameters=[@__p_0='?' (DbType = Int32)], CommandType='Text', CommandTimeout='30']
      SELECT "c"."Id", "c"."Code", "c"."CreatedAt", "c"."CurrentExchangeRate", "c"."IsActive", "c"."IsBaseCurrency", "c"."LastUpdated", "c"."Name", "c"."Symbol", "c"."UpdatedAt"
      FROM "Currencies" AS "c"
      WHERE "c"."Id" = @__p_0
      LIMIT 1
info: Microsoft.EntityFrameworkCore.Database.Command[20101]
      Executed DbCommand (0ms) [Parameters=[], CommandType='Text', CommandTimeout='30']
      SELECT "i"."Id", "i"."CreatedAt", "i"."Name", "i"."OpeningCost", "i"."OpeningQty", "i"."Unit", "i"."UpdatedAt"
      FROM "Items" AS "i"
info: Microsoft.EntityFrameworkCore.Database.Command[20101]
      Executed DbCommand (0ms) [Parameters=[@__p_0='?' (DbType = Int32)], CommandType='Text', CommandTimeout='30']
      SELECT "c"."Id", "c"."Address", "c"."CreatedAt", "c"."Name", "c"."OpeningBalance", "c"."Phone", "c"."UpdatedAt"
      FROM "Customers" AS "c"
      WHERE "c"."Id" = @__p_0
      LIMIT 1
info: Microsoft.EntityFrameworkCore.Database.Command[20101]
      Executed DbCommand (0ms) [Parameters=[], CommandType='Text', CommandTimeout='30']
      SELECT "c"."Id", "c"."BalanceAfter", "c"."CreatedAt", "c"."CreditAmount", "c"."CustomerId", "c"."Date", "c"."Description", "c"."InvoiceId", "c"."PaymentAmount", "c"."PaymentId", "c"."UpdatedAt"
      FROM "CustomerTransactions" AS "c"
info: Microsoft.EntityFrameworkCore.Database.Command[20101]
      Executed DbCommand (0ms) [Parameters=[@p0='?' (DbType = Decimal), @p1='?' (DbType = DateTime), @p2='?' (DbType = Int32), @p3='?' (DbType = DateTime), @p4='?' (Size = 16), @p5='?' (DbType = Int32), @p6='?' (DbType = Int32), @p7='?' (DbType = Int32), @p8='?' (DbType = DateTime)], CommandType='Text', CommandTimeout='30']
      INSERT INTO "Payment" ("Amount", "CreatedAt", "CurrencyId", "Date", "Description", "Method", "PartyId", "PartyType", "UpdatedAt")
      VALUES (@p0, @p1, @p2, @p3, @p4, @p5, @p6, @p7, @p8)
      RETURNING "Id";
info: Microsoft.EntityFrameworkCore.Database.Command[20101]
      Executed DbCommand (0ms) [Parameters=[], CommandType='Text', CommandTimeout='30']
      SELECT "c"."Id", "c"."BalanceAfter", "c"."CashIn", "c"."CashOut", "c"."CreatedAt", "c"."CurrencyId", "c"."Date", "c"."Description", "c"."ExchangeRate", "c"."ModuleId", "c"."ModuleType", "c"."OriginalAmount", "c"."UpdatedAt"
      FROM "CashBooks" AS "c"
info: Microsoft.EntityFrameworkCore.Database.Command[20101]
      Executed DbCommand (0ms) [Parameters=[@__p_0='?' (DbType = Int32)], CommandType='Text', CommandTimeout='30']
      SELECT "c"."Id", "c"."Address", "c"."CreatedAt", "c"."Name", "c"."OpeningBalance", "c"."Phone", "c"."UpdatedAt"
      FROM "Customers" AS "c"
      WHERE "c"."Id" = @__p_0
      LIMIT 1
info: Microsoft.EntityFrameworkCore.Database.Command[20101]
      Executed DbCommand (0ms) [Parameters=[], CommandType='Text', CommandTimeout='30']
      SELECT "c"."Id", "c"."BalanceAfter", "c"."CreatedAt", "c"."CreditAmount", "c"."CustomerId", "c"."Date", "c"."Description", "c"."InvoiceId", "c"."PaymentAmount", "c"."PaymentId", "c"."UpdatedAt"
      FROM "CustomerTransactions" AS "c"
info: Microsoft.EntityFrameworkCore.Database.Command[20101]
      Executed DbCommand (0ms) [Parameters=[@p0='?' (DbType = Decimal), @p1='?' (DbType = Decimal), @p2='?' (DbType = Decimal), @p3='?' (DbType = DateTime), @p4='?' (DbType = Int32), @p5='?' (DbType = DateTime), @p6='?' (Size = 16), @p7='?' (DbType = Decimal), @p8='?' (DbType = Int32), @p9='?' (DbType = Int32), @p10='?' (DbType = Decimal), @p11='?' (DbType = DateTime)], CommandType='Text', CommandTimeout='30']
      INSERT INTO "CashBooks" ("BalanceAfter", "CashIn", "CashOut", "CreatedAt", "CurrencyId", "Date", "Description", "ExchangeRate", "ModuleId", "ModuleType", "OriginalAmount", "UpdatedAt")
      VALUES (@p0, @p1, @p2, @p3, @p4, @p5, @p6, @p7, @p8, @p9, @p10, @p11)
      RETURNING "Id";
info: Microsoft.EntityFrameworkCore.Database.Command[20101]
      Executed DbCommand (0ms) [Parameters=[@p0='?' (DbType = Decimal), @p1='?' (DbType = DateTime), @p2='?' (DbType = Decimal), @p3='?' (DbType = Int32), @p4='?' (DbType = DateTime), @p5='?' (Size = 16), @p6='?' (DbType = Int32), @p7='?' (DbType = Decimal), @p8='?' (DbType = Int32), @p9='?' (DbType = DateTime)], CommandType='Text', CommandTimeout='30']
      INSERT INTO "CustomerTransactions" ("BalanceAfter", "CreatedAt", "CreditAmount", "CustomerId", "Date", "Description", "InvoiceId", "PaymentAmount", "PaymentId", "UpdatedAt")
      VALUES (@p0, @p1, @p2, @p3, @p4, @p5, @p6, @p7, @p8, @p9)
      RETURNING "Id";
info: Microsoft.EntityFrameworkCore.Database.Command[20101]
      Executed DbCommand (0ms) [Parameters=[@__p_0='?' (DbType = Int32)], CommandType='Text', CommandTimeout='30']
      SELECT "c"."Id", "c"."Address", "c"."CreatedAt", "c"."Name", "c"."OpeningBalance", "c"."Phone", "c"."UpdatedAt"
      FROM "Customers" AS "c"
      WHERE "c"."Id" = @__p_0
      LIMIT 1
info: Microsoft.EntityFrameworkCore.Database.Command[20101]
      Executed DbCommand (0ms) [Parameters=[], CommandType='Text', CommandTimeout='30']
      SELECT "c"."Id", "c"."BalanceAfter", "c"."CreatedAt", "c"."CreditAmount", "c"."CustomerId", "c"."Date", "c"."Description", "c"."InvoiceId", "c"."PaymentAmount", "c"."PaymentId", "c"."UpdatedAt"
      FROM "CustomerTransactions" AS "c"
info: Microsoft.EntityFrameworkCore.Database.Command[20101]
      Executed DbCommand (0ms) [Parameters=[@__p_0='?' (DbType = Int32)], CommandType='Text', CommandTimeout='30']
      SELECT "c"."Id", "c"."Address", "c"."CreatedAt", "c"."Name", "c"."OpeningBalance", "c"."Phone", "c"."UpdatedAt"
      FROM "Customers" AS "c"
      WHERE "c"."Id" = @__p_0
      LIMIT 1
info: Microsoft.EntityFrameworkCore.Database.Command[20101]
      Executed DbCommand (0ms) [Parameters=[@p0='?' (DbType = Decimal), @p1='?' (DbType = DateTime), @p2='?' (DbType = Decimal), @p3='?' (DbType = Int32), @p4='?' (DbType = Int32), @p5='?' (DbType = DateTime), @p6='?' (DbType = Boolean), @p7='?' (Size = 20), @p8='?' (DbType = Int32), @p9='?' (DbType = Decimal), @p10='?' (DbType = DateTime)], CommandType='Text', CommandTimeout='30']
      INSERT INTO "Sales" ("CashReceived", "CreatedAt", "CreditAmount", "CurrencyId", "CustomerId", "Date", "IsReturn", "Notes", "PaymentStatusId", "TotalAmount", "UpdatedAt")
      VALUES (@p0, @p1, @p2, @p3, @p4, @p5, @p6, @p7, @p8, @p9, @p10)
      RETURNING "Id";
info: Microsoft.EntityFrameworkCore.Database.Command[20101]
      Executed DbCommand (0ms) [Parameters=[@p11='?' (DbType = DateTime), @p12='?' (DbType = Int32), @p13='?' (DbType = Int32), @p14='?' (DbType = Decimal), @p15='?' (DbType = Int32), @p16='?' (DbType = Decimal), @p17='?' (DbType = Int32), @p18='?' (DbType = Decimal), @p19='?' (DbType = DateTime)], CommandType='Text', CommandTimeout='30']
      INSERT INTO "SaleItems" ("CreatedAt", "CurrencyId", "ItemId", "Price", "ProductId", "Qty", "SaleId", "Total", "UpdatedAt")
      VALUES (@p11, @p12, @p13, @p14, @p15, @p16, @p17, @p18, @p19)
      RETURNING "Id";
info: Microsoft.EntityFrameworkCore.Database.Command[20101]
      Executed DbCommand (0ms) [Parameters=[@__p_0='?' (DbType = Int32)], CommandType='Text', CommandTimeout='30']
      SELECT "c"."Id", "c"."Code", "c"."CreatedAt", "c"."CurrentExchangeRate", "c"."IsActive", "c"."IsBaseCurrency", "c"."LastUpdated", "c"."Name", "c"."Symbol", "c"."UpdatedAt"
      FROM "Currencies" AS "c"
      WHERE "c"."Id" = @__p_0
      LIMIT 1
info: Microsoft.EntityFrameworkCore.Database.Command[20101]
      Executed DbCommand (0ms) [Parameters=[], CommandType='Text', CommandTimeout='30']
      SELECT "c"."Id", "c"."BalanceAfter", "c"."CashIn", "c"."CashOut", "c"."CreatedAt", "c"."CurrencyId", "c"."Date", "c"."Description", "c"."ExchangeRate", "c"."ModuleId", "c"."ModuleType", "c"."OriginalAmount", "c"."UpdatedAt"
      FROM "CashBooks" AS "c"
info: Microsoft.EntityFrameworkCore.Database.Command[20101]
      Executed DbCommand (0ms) [Parameters=[], CommandType='Text', CommandTimeout='30']
      SELECT "c"."Id", "c"."BalanceAfter", "c"."CreatedAt", "c"."CreditAmount", "c"."CustomerId", "c"."Date", "c"."Description", "c"."InvoiceId", "c"."PaymentAmount", "c"."PaymentId", "c"."UpdatedAt"
      FROM "CustomerTransactions" AS "c"
info: Microsoft.EntityFrameworkCore.Database.Command[20101]
      Executed DbCommand (0ms) [Parameters=[@p0='?' (DbType = Decimal), @p1='?' (DbType = Decimal), @p2='?' (DbType = Decimal), @p3='?' (DbType = DateTime), @p4='?' (DbType = Int32), @p5='?' (DbType = DateTime), @p6='?' (Size = 27), @p7='?' (DbType = Decimal), @p8='?' (DbType = Int32), @p9='?' (DbType = Int32), @p10='?' (DbType = Decimal), @p11='?' (DbType = DateTime)], CommandType='Text', CommandTimeout='30']
      INSERT INTO "CashBooks" ("BalanceAfter", "CashIn", "CashOut", "CreatedAt", "CurrencyId", "Date", "Description", "ExchangeRate", "ModuleId", "ModuleType", "OriginalAmount", "UpdatedAt")
      VALUES (@p0, @p1, @p2, @p3, @p4, @p5, @p6, @p7, @p8, @p9, @p10, @p11)
      RETURNING "Id";
info: Microsoft.EntityFrameworkCore.Database.Command[20101]
      Executed DbCommand (0ms) [Parameters=[@p0='?' (DbType = Decimal), @p1='?' (DbType = DateTime), @p2='?' (DbType = Decimal), @p3='?' (DbType = Int32), @p4='?' (DbType = DateTime), @p5='?' (Size = 8), @p6='?' (DbType = Int32), @p7='?' (DbType = Decimal), @p8='?' (DbType = Int32), @p9='?' (DbType = DateTime)], CommandType='Text', CommandTimeout='30']
      INSERT INTO "CustomerTransactions" ("BalanceAfter", "CreatedAt", "CreditAmount", "CustomerId", "Date", "Description", "InvoiceId", "PaymentAmount", "PaymentId", "UpdatedAt")
      VALUES (@p0, @p1, @p2, @p3, @p4, @p5, @p6, @p7, @p8, @p9)
      RETURNING "Id";
info: Microsoft.EntityFrameworkCore.Database.Command[20101]
      Executed DbCommand (0ms) [Parameters=[], CommandType='Text', CommandTimeout='30']
      SELECT "i"."Id", "i"."CreatedAt", "i"."Name", "i"."OpeningCost", "i"."OpeningQty", "i"."Unit", "i"."UpdatedAt"
      FROM "Items" AS "i"
info: Microsoft.EntityFrameworkCore.Database.Command[20101]
      Executed DbCommand (0ms) [Parameters=[@__p_0='?' (DbType = Int32)], CommandType='Text', CommandTimeout='30']
      SELECT "c"."Id", "c"."Address", "c"."CreatedAt", "c"."Name", "c"."OpeningBalance", "c"."Phone", "c"."UpdatedAt"
      FROM "Customers" AS "c"
      WHERE "c"."Id" = @__p_0
      LIMIT 1
info: Microsoft.EntityFrameworkCore.Database.Command[20101]
      Executed DbCommand (0ms) [Parameters=[], CommandType='Text', CommandTimeout='30']
      SELECT "c"."Id", "c"."BalanceAfter", "c"."CreatedAt", "c"."CreditAmount", "c"."CustomerId", "c"."Date", "c"."Description", "c"."InvoiceId", "c"."PaymentAmount", "c"."PaymentId", "c"."UpdatedAt"
      FROM "CustomerTransactions" AS "c"
info: Microsoft.EntityFrameworkCore.Database.Command[20101]
      Executed DbCommand (0ms) [Parameters=[@__p_0='?' (DbType = Int32)], CommandType='Text', CommandTimeout='30']
      SELECT "s"."Id", "s"."Address", "s"."CreatedAt", "s"."Name", "s"."OpeningBalance", "s"."Phone", "s"."UpdatedAt"
      FROM "Suppliers" AS "s"
      WHERE "s"."Id" = @__p_0
      LIMIT 1
info: Microsoft.EntityFrameworkCore.Database.Command[20101]
      Executed DbCommand (0ms) [Parameters=[@p0='?' (DbType = Decimal), @p1='?' (DbType = DateTime), @p2='?' (DbType = Decimal), @p3='?' (DbType = Int32), @p4='?' (DbType = DateTime), @p5='?' (DbType = Boolean), @p6='?' (Size = 20), @p7='?' (DbType = Int32), @p8='?' (DbType = Int32), @p9='?' (DbType = Decimal), @p10='?' (DbType = DateTime)], CommandType='Text', CommandTimeout='30']
      INSERT INTO "Purchases" ("CashPaid", "CreatedAt", "CreditAmount", "CurrencyId", "Date", "IsReturn", "Notes", "PaymentStatusId", "SupplierId", "TotalAmount", "UpdatedAt")
      VALUES (@p0, @p1, @p2, @p3, @p4, @p5, @p6, @p7, @p8, @p9, @p10)
      RETURNING "Id";
info: Microsoft.EntityFrameworkCore.Database.Command[20101]
      Executed DbCommand (0ms) [Parameters=[@p11='?' (DbType = Decimal), @p12='?' (DbType = DateTime), @p13='?' (DbType = Int32), @p14='?' (DbType = Int32), @p15='?' (DbType = Int32), @p16='?' (DbType = Int32), @p17='?' (DbType = Decimal), @p18='?' (DbType = Decimal), @p19='?' (DbType = DateTime)], CommandType='Text', CommandTimeout='30']
      INSERT INTO "PurchaseItems" ("Cost", "CreatedAt", "CurrencyId", "ItemId", "ProductId", "PurchaseId", "Qty", "Total", "UpdatedAt")
      VALUES (@p11, @p12, @p13, @p14, @p15, @p16, @p17, @p18, @p19)
      RETURNING "Id";
info: Microsoft.EntityFrameworkCore.Database.Command[20101]
      Executed DbCommand (0ms) [Parameters=[], CommandType='Text', CommandTimeout='30']
      SELECT "s"."Id", "s"."BalanceAfter", "s"."CreatedAt", "s"."CreditAmount", "s"."Date", "s"."Description", "s"."PaymentAmount", "s"."PaymentId", "s"."PurchaseId", "s"."SupplierId", "s"."UpdatedAt"
      FROM "SupplierTransactions" AS "s"
info: Microsoft.EntityFrameworkCore.Database.Command[20101]
      Executed DbCommand (0ms) [Parameters=[@p0='?' (DbType = Decimal), @p1='?' (DbType = DateTime), @p2='?' (DbType = Decimal), @p3='?' (DbType = DateTime), @p4='?' (Size = 11), @p5='?' (DbType = Decimal), @p6='?' (DbType = Int32), @p7='?' (DbType = Int32), @p8='?' (DbType = Int32), @p9='?' (DbType = DateTime)], CommandType='Text', CommandTimeout='30']
      INSERT INTO "SupplierTransactions" ("BalanceAfter", "CreatedAt", "CreditAmount", "Date", "Description", "PaymentAmount", "PaymentId", "PurchaseId", "SupplierId", "UpdatedAt")
      VALUES (@p0, @p1, @p2, @p3, @p4, @p5, @p6, @p7, @p8, @p9)
      RETURNING "Id";
info: Microsoft.EntityFrameworkCore.Database.Command[20101]
      Executed DbCommand (0ms) [Parameters=[@__p_0='?' (DbType = Int32)], CommandType='Text', CommandTimeout='30']
      SELECT "c"."Id", "c"."Code", "c"."CreatedAt", "c"."CurrentExchangeRate", "c"."IsActive", "c"."IsBaseCurrency", "c"."LastUpdated", "c"."Name", "c"."Symbol", "c"."UpdatedAt"
      FROM "Currencies" AS "c"
      WHERE "c"."Id" = @__p_0
      LIMIT 1
info: Microsoft.EntityFrameworkCore.Database.Command[20101]
      Executed DbCommand (0ms) [Parameters=[], CommandType='Text', CommandTimeout='30']
      SELECT "i"."Id", "i"."CreatedAt", "i"."Name", "i"."OpeningCost", "i"."OpeningQty", "i"."Unit", "i"."UpdatedAt"
      FROM "Items" AS "i"
info: Microsoft.EntityFrameworkCore.Database.Command[20101]
      Executed DbCommand (0ms) [Parameters=[@__p_0='?' (DbType = Int32)], CommandType='Text', CommandTimeout='30']
      SELECT "s"."Id", "s"."Address", "s"."CreatedAt", "s"."Name", "s"."OpeningBalance", "s"."Phone", "s"."UpdatedAt"
      FROM "Suppliers" AS "s"
      WHERE "s"."Id" = @__p_0
      LIMIT 1
info: Microsoft.EntityFrameworkCore.Database.Command[20101]
      Executed DbCommand (0ms) [Parameters=[], CommandType='Text', CommandTimeout='30']
      SELECT "s"."Id", "s"."BalanceAfter", "s"."CreatedAt", "s"."CreditAmount", "s"."Date", "s"."Description", "s"."PaymentAmount", "s"."PaymentId", "s"."PurchaseId", "s"."SupplierId", "s"."UpdatedAt"
      FROM "SupplierTransactions" AS "s"
info: Microsoft.EntityFrameworkCore.Database.Command[20101]
      Executed DbCommand (0ms) [Parameters=[@p0='?' (DbType = Decimal), @p1='?' (DbType = DateTime), @p2='?' (DbType = Int32), @p3='?' (DbType = DateTime), @p4='?' (Size = 19), @p5='?' (DbType = Int32), @p6='?' (DbType = Int32), @p7='?' (DbType = Int32), @p8='?' (DbType = DateTime)], CommandType='Text', CommandTimeout='30']
      INSERT INTO "Payment" ("Amount", "CreatedAt", "CurrencyId", "Date", "Description", "Method", "PartyId", "PartyType", "UpdatedAt")
      VALUES (@p0, @p1, @p2, @p3, @p4, @p5, @p6, @p7, @p8)
      RETURNING "Id";
info: Microsoft.EntityFrameworkCore.Database.Command[20101]
      Executed DbCommand (0ms) [Parameters=[], CommandType='Text', CommandTimeout='30']
      SELECT "c"."Id", "c"."BalanceAfter", "c"."CashIn", "c"."CashOut", "c"."CreatedAt", "c"."CurrencyId", "c"."Date", "c"."Description", "c"."ExchangeRate", "c"."ModuleId", "c"."ModuleType", "c"."OriginalAmount", "c"."UpdatedAt"
      FROM "CashBooks" AS "c"
info: Microsoft.EntityFrameworkCore.Database.Command[20101]
      Executed DbCommand (0ms) [Parameters=[@__p_0='?' (DbType = Int32)], CommandType='Text', CommandTimeout='30']
      SELECT "s"."Id", "s"."Address", "s"."CreatedAt", "s"."Name", "s"."OpeningBalance", "s"."Phone", "s"."UpdatedAt"
      FROM "Suppliers" AS "s"
      WHERE "s"."Id" = @__p_0
      LIMIT 1
info: Microsoft.EntityFrameworkCore.Database.Command[20101]
      Executed DbCommand (0ms) [Parameters=[], CommandType='Text', CommandTimeout='30']
      SELECT "s"."Id", "s"."BalanceAfter", "s"."CreatedAt", "s"."CreditAmount", "s"."Date", "s"."Description", "s"."PaymentAmount", "s"."PaymentId", "s"."PurchaseId", "s"."SupplierId", "s"."UpdatedAt"
      FROM "SupplierTransactions" AS "s"
info: Microsoft.EntityFrameworkCore.Database.Command[20101]
      Executed DbCommand (0ms) [Parameters=[@p0='?' (DbType = Decimal), @p1='?' (DbType = Decimal), @p2='?' (DbType = Decimal), @p3='?' (DbType = DateTime), @p4='?' (DbType = Int32), @p5='?' (DbType = DateTime), @p6='?' (Size = 19), @p7='?' (DbType = Decimal), @p8='?' (DbType = Int32), @p9='?' (DbType = Int32), @p10='?' (DbType = Decimal), @p11='?' (DbType = DateTime)], CommandType='Text', CommandTimeout='30']
      INSERT INTO "CashBooks" ("BalanceAfter", "CashIn", "CashOut", "CreatedAt", "CurrencyId", "Date", "Description", "ExchangeRate", "ModuleId", "ModuleType", "OriginalAmount", "UpdatedAt")
      VALUES (@p0, @p1, @p2, @p3, @p4, @p5, @p6, @p7, @p8, @p9, @p10, @p11)
      RETURNING "Id";
info: Microsoft.EntityFrameworkCore.Database.Command[20101]
      Executed DbCommand (0ms) [Parameters=[@p0='?' (DbType = Decimal), @p1='?' (DbType = DateTime), @p2='?' (DbType = Decimal), @p3='?' (DbType = DateTime), @p4='?' (Size = 19), @p5='?' (DbType = Decimal), @p6='?' (DbType = Int32), @p7='?' (DbType = Int32), @p8='?' (DbType = Int32), @p9='?' (DbType = DateTime)], CommandType='Text', CommandTimeout='30']
      INSERT INTO "SupplierTransactions" ("BalanceAfter", "CreatedAt", "CreditAmount", "Date", "Description", "PaymentAmount", "PaymentId", "PurchaseId", "SupplierId", "UpdatedAt")
      VALUES (@p0, @p1, @p2, @p3, @p4, @p5, @p6, @p7, @p8, @p9)
      RETURNING "Id";
info: Microsoft.EntityFrameworkCore.Database.Command[20101]
      Executed DbCommand (0ms) [Parameters=[@__p_0='?' (DbType = Int32)], CommandType='Text', CommandTimeout='30']
      SELECT "s"."Id", "s"."Address", "s"."CreatedAt", "s"."Name", "s"."OpeningBalance", "s"."Phone", "s"."UpdatedAt"
      FROM "Suppliers" AS "s"
      WHERE "s"."Id" = @__p_0
      LIMIT 1
info: Microsoft.EntityFrameworkCore.Database.Command[20101]
      Executed DbCommand (0ms) [Parameters=[], CommandType='Text', CommandTimeout='30']
      SELECT "s"."Id", "s"."BalanceAfter", "s"."CreatedAt", "s"."CreditAmount", "s"."Date", "s"."Description", "s"."PaymentAmount", "s"."PaymentId", "s"."PurchaseId", "s"."SupplierId", "s"."UpdatedAt"
      FROM "SupplierTransactions" AS "s"
info: Microsoft.Hosting.Lifetime[0]
      Application is shutting down...
